Iteration 0 condition 0 sample 0
Linear Gaussian Policy
Initial state:
[ 91.05 -89.58 -60.89  0.00  0.00  0.00]
Target state:
[ 35.24 -74.12 -55.19  38.88  0.00  0.00]
[ 320.00 -20.00  100.00 -0.00  0.00 -0.00]
Condition: 0
Time step 0, joint angles:
['91.046', '-89.582', '-60.887', '0.000', '0.000', '0.000']
Time step 0, end-effector coordinates:
['170.837', '-229.432', '97.634', '-1.467', '0.000', '0.000']
Time step 0, X+U
[ 92.59 -89.57 -60.55  1.69  2.31  0.02]
Condition: 0
Time step 1, joint angles:
['92.589', '-89.574', '-60.545', '1.691', '0.000', '0.000']
Time step 1, end-effector coordinates:
['164.593', '-233.975', '97.773', '-4.706', '0.000', '0.000']
Time step 1, X+U
[ 93.09 -89.69 -60.76  2.02  2.19  0.11]
Condition: 0
Time step 2, joint angles:
['93.093', '-89.688', '-60.755', '2.017', '0.000', '0.000']
Time step 2, end-effector coordinates:
['162.552', '-235.066', '97.686', '-5.422', '0.000', '0.000']
Time step 2, X+U
[ 93.16 -89.88 -61.35  1.61  1.94  0.22]
Condition: 0
Time step 3, joint angles:
['93.159', '-89.877', '-61.341', '1.609', '0.000', '0.000']
Time step 3, end-effector coordinates:
['162.313', '-234.679', '97.441', '-4.891', '0.000', '0.000']
Time step 3, X+U
[ 93.04 -89.99 -62.01  0.85  1.51  0.26]
Condition: 0
Time step 4, joint angles:
['93.038', '-89.985', '-62.002', '0.852', '0.000', '0.000']
Time step 4, end-effector coordinates:
['162.829', '-234.002', '97.166', '-3.904', '0.000', '0.000']
Time step 4, X+U
[ 92.77 -89.85 -62.49  0.04  0.86  0.17]
Condition: 0
Time step 5, joint angles:
['92.767', '-89.853', '-62.481', '0.040', '0.000', '0.000']
Time step 5, end-effector coordinates:
['163.911', '-233.633', '96.966', '-2.953', '0.000', '0.000']
Time step 5, X+U
[ 92.29 -89.46 -62.70 -0.59  0.09 -0.07]
Condition: 0
Time step 6, joint angles:
['92.294', '-89.458', '-62.694', '-0.593', '0.000', '0.000']
Time step 6, end-effector coordinates:
['165.781', '-233.478', '96.878', '-2.243', '0.000', '0.000']
Time step 6, X+U
[ 91.62 -88.97 -62.72 -0.91 -0.60 -0.38]
Condition: 0
Time step 7, joint angles:
['91.617', '-88.967', '-62.712', '-0.913', '0.000', '0.000']
Time step 7, end-effector coordinates:
['168.463', '-233.001', '96.870', '-1.737', '0.000', '0.000']
Time step 7, X+U
[ 90.87 -88.63 -62.65 -0.96 -0.97 -0.67]
Condition: 0
Time step 8, joint angles:
['90.871', '-88.631', '-62.645', '-0.956', '0.000', '0.000']
Time step 8, end-effector coordinates:
['171.444', '-231.814', '96.898', '-1.284', '0.000', '0.000']
Time step 8, X+U
[ 90.26 -88.59 -62.57 -0.89 -0.97 -0.85]
Condition: 0
Time step 9, joint angles:
['90.261', '-88.593', '-62.564', '-0.887', '0.000', '0.000']
Time step 9, end-effector coordinates:
['173.900', '-230.093', '96.932', '-0.781', '0.000', '0.000']
Time step 9, X+U
[ 89.94 -88.81 -62.49 -0.84 -0.73 -0.91]
Condition: 0
Time step 10, joint angles:
['89.936', '-88.806', '-62.482', '-0.842', '0.000', '0.000']
Time step 10, end-effector coordinates:
['175.217', '-228.453', '96.966', '-0.288', '0.000', '0.000']
Time step 10, X+U
[ 89.93 -89.10 -62.38 -0.82 -0.43 -0.91]
Condition: 0
Time step 11, joint angles:
['89.929', '-89.096', '-62.367', '-0.815', '0.000', '0.000']
Time step 11, end-effector coordinates:
['175.258', '-227.545', '97.014', '-0.018', '0.000', '0.000']
Time step 11, X+U
[ 90.18 -89.27 -62.18 -0.69 -0.24 -0.87]
Condition: 0
Time step 12, joint angles:
['90.183', '-89.268', '-62.168', '-0.695', '0.000', '0.000']
Time step 12, end-effector coordinates:
['174.258', '-227.794', '97.097', '-0.220', '0.000', '0.000']
Time step 12, X+U
[ 90.58 -89.17 -61.86 -0.40 -0.14 -0.78]
Condition: 0
Time step 13, joint angles:
['90.580', '-89.172', '-61.850', '-0.396', '0.000', '0.000']
Time step 13, end-effector coordinates:
['172.670', '-229.287', '97.229', '-1.011', '0.000', '0.000']
Time step 13, X+U
[ 90.96 -88.77 -61.45  0.07 -0.05 -0.60]
Condition: 0
Time step 14, joint angles:
['90.965', '-88.771', '-61.442', '0.068', '0.000', '0.000']
Time step 14, end-effector coordinates:
['171.083', '-231.666', '97.399', '-2.262', '0.000', '0.000']
Time step 14, X+U
[ 91.21 -88.18 -61.04  0.62  0.10 -0.39]
Condition: 0
Time step 15, joint angles:
['91.208', '-88.176', '-61.029', '0.623', '0.000', '0.000']
Time step 15, end-effector coordinates:
['170.013', '-234.205', '97.571', '-3.654', '0.000', '0.000']
Time step 15, X+U
[ 91.28 -87.60 -60.69  1.18  0.28 -0.18]
Condition: 0
Time step 16, joint angles:
['91.280', '-87.599', '-60.680', '1.180', '0.000', '0.000']
Time step 16, end-effector coordinates:
['169.612', '-236.179', '97.717', '-4.861', '0.000', '0.000']
Time step 16, X+U
[ 91.27 -87.24 -60.39  1.65  0.32  0.07]
Condition: 0
Time step 17, joint angles:
['91.267', '-87.237', '-60.376', '1.651', '0.000', '0.000']
Time step 17, end-effector coordinates:
['169.591', '-237.246', '97.843', '-5.682', '0.000', '0.000']
Time step 17, X+U
[ 91.27 -87.18 -60.06  1.96  0.18  0.41]
Condition: 0
Time step 18, joint angles:
['91.270', '-87.177', '-60.055', '1.956', '0.000', '0.000']
Time step 18, end-effector coordinates:
['169.568', '-237.435', '97.977', '-6.049', '0.000', '0.000']
Time step 18, X+U
[ 91.30 -87.39 -59.75  2.06 -0.06  0.77]
Condition: 0
Time step 19, joint angles:
['91.305', '-87.390', '-59.743', '2.060', '0.000', '0.000']
Time step 19, end-effector coordinates:
['169.467', '-236.891', '98.107', '-5.976', '0.000', '0.000']
Time step 19, X+U
[ 91.32 -87.76 -59.62  2.01 -0.29  0.96]
Condition: 0
Time step 20, joint angles:
['91.319', '-87.765', '-59.607', '2.008', '0.000', '0.000']
Time step 20, end-effector coordinates:
['169.483', '-235.790', '98.164', '-5.563', '0.000', '0.000']
Time step 20, X+U
[ 91.29 -88.17 -59.84  1.88 -0.41  0.91]
Condition: 0
Time step 21, joint angles:
['91.295', '-88.173', '-59.831', '1.882', '0.000', '0.000']
Time step 21, end-effector coordinates:
['169.656', '-234.474', '98.071', '-5.005', '0.000', '0.000']
Time step 21, X+U
[ 91.31 -88.52 -60.47  1.73 -0.45  0.69]
Condition: 0
Time step 22, joint angles:
['91.310', '-88.517', '-60.458', '1.733', '0.000', '0.000']
Time step 22, end-effector coordinates:
['169.650', '-233.467', '97.809', '-4.525', '0.000', '0.000']
Time step 22, X+U
[ 91.47 -88.75 -61.35  1.55 -0.49  0.44]
Condition: 0
Time step 23, joint angles:
['91.471', '-88.753', '-61.343', '1.550', '0.000', '0.000']
Time step 23, end-effector coordinates:
['169.027', '-233.225', '97.440', '-4.268', '0.000', '0.000']
Time step 23, X+U
[ 91.80 -88.87 -62.24  1.30 -0.58  0.24]
Condition: 0
Time step 24, joint angles:
['91.795', '-88.873', '-62.231', '1.299', '0.000', '0.000']
Time step 24, end-effector coordinates:
['167.723', '-233.813', '97.070', '-4.222', '0.000', '0.000']
Time step 24, X+U
[ 92.17 -88.92 -62.90  0.98 -0.71  0.08]
Condition: 0
Time step 25, joint angles:
['92.174', '-88.917', '-62.892', '0.977', '0.000', '0.000']
Time step 25, end-effector coordinates:
['166.183', '-234.781', '96.795', '-4.234', '0.000', '0.000']
Time step 25, X+U
[ 92.45 -88.96 -63.22  0.63 -0.77 -0.09]
Condition: 0
Time step 26, joint angles:
['92.453', '-88.962', '-63.212', '0.633', '0.000', '0.000']
Time step 26, end-effector coordinates:
['165.047', '-235.448', '96.662', '-4.124', '0.000', '0.000']
Time step 26, X+U
[ 92.52 -89.07 -63.21  0.32 -0.71 -0.32]
Condition: 0
Time step 27, joint angles:
['92.524', '-89.067', '-63.201', '0.324', '0.000', '0.000']
Time step 27, end-effector coordinates:
['164.775', '-235.334', '96.666', '-3.780', '0.000', '0.000']
Time step 27, X+U
[ 92.35 -89.23 -62.97  0.05 -0.54 -0.62]
Condition: 0
Time step 28, joint angles:
['92.348', '-89.231', '-62.962', '0.045', '0.000', '0.000']
Time step 28, end-effector coordinates:
['165.521', '-234.328', '96.766', '-3.162', '0.000', '0.000']
Time step 28, X+U
[ 91.96 -89.44 -62.65 -0.24 -0.33 -0.86]
Condition: 0
Time step 29, joint angles:
['91.962', '-89.435', '-62.645', '-0.235', '0.000', '0.000']
Time step 29, end-effector coordinates:
['167.127', '-232.583', '96.898', '-2.292', '0.000', '0.000']
Time step 29, X+U
[ 91.50 -89.67 -62.37 -0.49 -0.15 -0.89]
Condition: 0
Time step 30, joint angles:
['91.496', '-89.668', '-62.363', '-0.488', '0.000', '0.000']
Time step 30, end-effector coordinates:
['169.038', '-230.505', '97.016', '-1.340', '0.000', '0.000']
Time step 30, X+U
[ 91.16 -89.90 -62.13 -0.63  0.00 -0.63]
Condition: 0
Time step 31, joint angles:
['91.158', '-89.899', '-62.121', '-0.630', '0.000', '0.000']
Time step 31, end-effector coordinates:
['170.411', '-228.798', '97.116', '-0.629', '0.000', '0.000']
Time step 31, X+U
[ 91.12 -90.07 -61.85 -0.64  0.15 -0.21]
Condition: 0
Time step 32, joint angles:
['91.121', '-90.069', '-61.844', '-0.639', '0.000', '0.000']
Time step 32, end-effector coordinates:
['170.570', '-228.170', '97.232', '-0.413', '0.000', '0.000']
Time step 32, X+U
[ 91.39 -90.13 -61.47 -0.61  0.25  0.15]
Condition: 0
Time step 33, joint angles:
['91.385', '-90.128', '-61.464', '-0.606', '0.000', '0.000']
Time step 33, end-effector coordinates:
['169.518', '-228.773', '97.390', '-0.651', '0.000', '0.000']
Time step 33, X+U
[ 91.76 -90.08 -61.00 -0.63  0.21  0.28]
Condition: 0
Time step 34, joint angles:
['91.760', '-90.078', '-60.991', '-0.625', '0.000', '0.000']
Time step 34, end-effector coordinates:
['168.015', '-230.032', '97.587', '-1.057', '0.000', '0.000']
Time step 34, X+U
[ 91.98 -89.94 -60.53 -0.70 -0.02  0.19]
Condition: 0
Time step 35, joint angles:
['91.985', '-89.939', '-60.522', '-0.705', '0.000', '0.000']
Time step 35, end-effector coordinates:
['167.097', '-231.111', '97.783', '-1.340', '0.000', '0.000']
Time step 35, X+U
[ 91.90 -89.74 -60.23 -0.81 -0.32  0.05]
Condition: 0
Time step 36, joint angles:
['91.902', '-89.739', '-60.223', '-0.806', '0.000', '0.000']
Time step 36, end-effector coordinates:
['167.408', '-231.481', '97.907', '-1.357', '0.000', '0.000']
Time step 36, X+U
[ 91.53 -89.51 -60.23 -0.94 -0.52 -0.02]
Condition: 0
Time step 37, joint angles:
['91.535', '-89.514', '-60.223', '-0.939', '0.000', '0.000']
Time step 37, end-effector coordinates:
['168.864', '-231.090', '97.907', '-1.082', '0.000', '0.000']
Time step 37, X+U
[ 91.04 -89.32 -60.48 -1.15 -0.52 -0.06]
Condition: 0
Time step 38, joint angles:
['91.044', '-89.315', '-60.472', '-1.152', '0.000', '0.000']
Time step 38, end-effector coordinates:
['170.822', '-230.241', '97.803', '-0.576', '0.000', '0.000']
Time step 38, X+U
[ 90.62 -89.17 -60.79 -1.44 -0.39 -0.23]
Condition: 0
Time step 39, joint angles:
['90.622', '-89.174', '-60.776', '-1.441', '0.000', '0.000']
Time step 39, end-effector coordinates:
['172.500', '-229.411', '97.677', '-0.008', '0.000', '0.000']
Time step 39, X+U
[ 90.39 -89.09 -60.98 -1.69 -0.27 -0.59]
Condition: 0
Time step 40, joint angles:
['90.395', '-89.091', '-60.974', '-1.688', '0.000', '0.000']
Time step 40, end-effector coordinates:
['173.405', '-228.977', '97.594', '0.384', '0.000', '0.000']
Time step 40, X+U
[ 90.34 -89.06 -61.07 -1.74 -0.25 -1.02]
Condition: 0
Time step 41, joint angles:
['90.342', '-89.063', '-61.058', '-1.738', '0.000', '0.000']
Time step 41, end-effector coordinates:
['173.613', '-228.904', '97.559', '0.458', '0.000', '0.000']
Time step 41, X+U
[ 90.33 -89.11 -61.09 -1.51 -0.36 -1.28]
Condition: 0
Time step 42, joint angles:
['90.328', '-89.112', '-61.076', '-1.514', '0.000', '0.000']
Time step 42, end-effector coordinates:
['173.674', '-228.709', '97.552', '0.298', '0.000', '0.000']
Time step 42, X+U
[ 90.23 -89.28 -61.04 -1.05 -0.54 -1.21]
Condition: 0
Time step 43, joint angles:
['90.232', '-89.277', '-61.033', '-1.052', '0.000', '0.000']
Time step 43, end-effector coordinates:
['174.064', '-227.917', '97.569', '0.096', '0.000', '0.000']
Time step 43, X+U
[ 90.09 -89.55 -60.94 -0.44 -0.70 -0.83]
Condition: 0
Time step 44, joint angles:
['90.086', '-89.552', '-60.928', '-0.443', '0.000', '0.000']
Time step 44, end-effector coordinates:
['174.654', '-226.633', '97.613', '-0.091', '0.000', '0.000']
Time step 44, X+U
[ 90.03 -89.82 -60.84  0.21 -0.73 -0.30]
Condition: 0
Time step 45, joint angles:
['90.032', '-89.819', '-60.831', '0.213', '0.000', '0.000']
Time step 45, end-effector coordinates:
['174.873', '-225.649', '97.654', '-0.426', '0.000', '0.000']
Time step 45, X+U
[ 90.15 -89.87 -60.86  0.79 -0.59  0.19]
Condition: 0
Time step 46, joint angles:
['90.155', '-89.875', '-60.852', '0.795', '0.000', '0.000']
Time step 46, end-effector coordinates:
['174.391', '-225.855', '97.645', '-1.075', '0.000', '0.000']
Time step 46, X+U
[ 90.38 -89.58 -61.03  1.15 -0.29  0.48]
Condition: 0
Time step 47, joint angles:
['90.380', '-89.579', '-61.017', '1.152', '0.000', '0.000']
Time step 47, end-effector coordinates:
['173.491', '-227.443', '97.576', '-1.953', '0.000', '0.000']
Time step 47, X+U
[ 90.54 -89.02 -61.22  1.18  0.10  0.52]
Condition: 0
Time step 48, joint angles:
['90.542', '-89.021', '-61.212', '1.183', '0.000', '0.000']
Time step 48, end-effector coordinates:
['172.809', '-229.635', '97.495', '-2.704', '0.000', '0.000']
Time step 48, X+U
[ 90.51 -88.50 -61.31  0.92  0.41  0.39]
Condition: 0
Time step 49, joint angles:
['90.511', '-88.496', '-61.302', '0.924', '0.000', '0.000']
Time step 49, end-effector coordinates:
['172.883', '-231.146', '97.458', '-2.940', '0.000', '0.000']
Time step 49, X+U
[ 90.27 -88.30 -61.26  0.53  0.53  0.25]
Condition: 0
Time step 50, joint angles:
['90.272', '-88.298', '-61.253', '0.533', '0.000', '0.000']
Time step 50, end-effector coordinates:
['173.826', '-231.025', '97.478', '-2.507', '0.000', '0.000']
Time step 50, X+U
[ 89.93 -88.53 -61.16  0.19  0.43  0.18]
Condition: 0
Time step 51, joint angles:
['89.929', '-88.531', '-61.152', '0.191', '0.000', '0.000']
Time step 51, end-effector coordinates:
['175.226', '-229.269', '97.520', '-1.589', '0.000', '0.000']
Time step 51, X+U
[ 89.64 -89.06 -61.12  0.02  0.16  0.16]
Condition: 0
Time step 52, joint angles:
['89.642', '-89.062', '-61.109', '0.023', '0.000', '0.000']
Time step 52, end-effector coordinates:
['176.397', '-226.767', '97.538', '-0.603', '0.000', '0.000']
Time step 52, X+U
[ 89.52 -89.65 -61.16  0.07 -0.21  0.16]
Condition: 0
Time step 53, joint angles:
['89.522', '-89.647', '-61.154', '0.066', '0.000', '0.000']
Time step 53, end-effector coordinates:
['176.878', '-224.609', '97.519', '0.060', '0.000', '0.000']
Time step 53, X+U
[ 89.57 -90.10 -61.25  0.26 -0.59  0.20]
Condition: 0
Time step 54, joint angles:
['89.566', '-90.100', '-61.243', '0.258', '0.000', '0.000']
Time step 54, end-effector coordinates:
['176.695', '-223.364', '97.482', '0.276', '0.000', '0.000']
Time step 54, X+U
[ 89.69 -90.36 -61.35  0.46 -0.84  0.25]
Condition: 0
Time step 55, joint angles:
['89.691', '-90.364', '-61.343', '0.460', '0.000', '0.000']
Time step 55, end-effector coordinates:
['176.201', '-222.943', '97.440', '0.213', '0.000', '0.000']
Time step 55, X+U
[ 89.82 -90.47 -61.50  0.52 -0.81  0.23]
Condition: 0
Time step 56, joint angles:
['89.822', '-90.469', '-61.495', '0.516', '0.000', '0.000']
Time step 56, end-effector coordinates:
['175.689', '-223.022', '97.377', '0.131', '0.000', '0.000']
Time step 56, X+U
[ 89.96 -90.47 -61.76  0.34 -0.50  0.12]
Condition: 0
Time step 57, joint angles:
['89.958', '-90.468', '-61.751', '0.340', '0.000', '0.000']
Time step 57, end-effector coordinates:
['175.159', '-223.443', '97.270', '0.170', '0.000', '0.000']
Time step 57, X+U
[ 90.15 -90.40 -62.08 -0.03 -0.11 -0.04]
Condition: 0
Time step 58, joint angles:
['90.146', '-90.400', '-62.070', '-0.026', '0.000', '0.000']
Time step 58, end-effector coordinates:
['174.423', '-224.224', '97.137', '0.280', '0.000', '0.000']
Time step 58, X+U
[ 90.41 -90.30 -62.32 -0.43  0.16 -0.22]
Condition: 0
Time step 59, joint angles:
['90.411', '-90.301', '-62.314', '-0.429', '0.000', '0.000']
Time step 59, end-effector coordinates:
['173.385', '-225.331', '97.036', '0.318', '0.000', '0.000']
Time step 59, X+U
[ 90.72 -90.20 -62.38 -0.71  0.24 -0.49]
Condition: 0
Time step 60, joint angles:
['90.720', '-90.198', '-62.375', '-0.707', '0.000', '0.000']
Time step 60, end-effector coordinates:
['172.167', '-226.576', '97.010', '0.185', '0.000', '0.000']
Time step 60, X+U
[ 91.01 -90.11 -62.31 -0.81  0.16 -0.88]
Condition: 0
Time step 61, joint angles:
['91.011', '-90.108', '-62.301', '-0.806', '0.000', '0.000']
Time step 61, end-effector coordinates:
['171.010', '-227.720', '97.041', '-0.096', '0.000', '0.000']
Time step 61, X+U
[ 91.24 -90.04 -62.26 -0.80  0.03 -1.32]
Condition: 0
Time step 62, joint angles:
['91.239', '-90.043', '-62.252', '-0.800', '0.000', '0.000']
Time step 62, end-effector coordinates:
['170.096', '-228.600', '97.062', '-0.396', '0.000', '0.000']
Time step 62, X+U
[ 91.40 -90.01 -62.34 -0.81 -0.09 -1.62]
Condition: 0
Time step 63, joint angles:
['91.400', '-90.005', '-62.328', '-0.809', '0.000', '0.000']
Time step 63, end-effector coordinates:
['169.452', '-229.192', '97.030', '-0.585', '0.000', '0.000']
Time step 63, X+U
[ 91.53 -89.98 -62.47 -0.88 -0.13 -1.68]
Condition: 0
Time step 64, joint angles:
['91.527', '-89.976', '-62.456', '-0.883', '0.000', '0.000']
Time step 64, end-effector coordinates:
['168.942', '-229.655', '96.977', '-0.668', '0.000', '0.000']
Time step 64, X+U
[ 91.67 -89.91 -62.51 -0.93 -0.08 -1.54]
Condition: 0
Time step 65, joint angles:
['91.668', '-89.909', '-62.501', '-0.933', '0.000', '0.000']
Time step 65, end-effector coordinates:
['168.369', '-230.275', '96.958', '-0.826', '0.000', '0.000']
Time step 65, X+U
[ 91.85 -89.77 -62.47 -0.81  0.04 -1.26]
Condition: 0
Time step 66, joint angles:
['91.847', '-89.773', '-62.460', '-0.807', '0.000', '0.000']
Time step 66, end-effector coordinates:
['167.632', '-231.218', '96.975', '-1.267', '0.000', '0.000']
Time step 66, X+U
[ 92.05 -89.61 -62.48 -0.45  0.20 -0.87]
Condition: 0
Time step 67, joint angles:
['92.053', '-89.605', '-62.474', '-0.451', '0.000', '0.000']
Time step 67, end-effector coordinates:
['166.780', '-232.329', '96.969', '-1.997', '0.000', '0.000']
Time step 67, X+U
[ 92.27 -89.50 -62.66  0.01  0.38 -0.41]
Condition: 0
Time step 68, joint angles:
['92.266', '-89.502', '-62.654', '0.013', '0.000', '0.000']
Time step 68, end-effector coordinates:
['165.902', '-233.263', '96.894', '-2.777', '0.000', '0.000']
Time step 68, X+U
[ 92.48 -89.54 -62.97  0.39  0.52 -0.01]
Condition: 0
Time step 69, joint angles:
['92.477', '-89.539', '-62.957', '0.387', '0.000', '0.000']
Time step 69, end-effector coordinates:
['165.047', '-233.759', '96.768', '-3.325', '0.000', '0.000']
Time step 69, X+U
[ 92.67 -89.72 -63.25  0.54  0.55  0.16]
Condition: 0
Time step 70, joint angles:
['92.670', '-89.725', '-63.239', '0.545', '0.000', '0.000']
Time step 70, end-effector coordinates:
['164.288', '-233.747', '96.651', '-3.490', '0.000', '0.000']
Time step 70, X+U
[ 92.80 -89.99 -63.37  0.47  0.47  0.09]
Condition: 0
Time step 71, joint angles:
['92.801', '-89.987', '-63.361', '0.469', '0.000', '0.000']
Time step 71, end-effector coordinates:
['163.795', '-233.320', '96.600', '-3.282', '0.000', '0.000']
Time step 71, X+U
[ 92.81 -90.20 -63.24  0.21  0.30 -0.05]
Condition: 0
Time step 72, joint angles:
['92.811', '-90.203', '-63.234', '0.215', '0.000', '0.000']
Time step 72, end-effector coordinates:
['163.785', '-232.693', '96.652', '-2.823', '0.000', '0.000']
Time step 72, X+U
[ 92.65 -90.27 -62.85 -0.12  0.10 -0.04]
Condition: 0
Time step 73, joint angles:
['92.654', '-90.273', '-62.841', '-0.117', '0.000', '0.000']
Time step 73, end-effector coordinates:
['164.432', '-232.027', '96.816', '-2.263', '0.000', '0.000']
Time step 73, X+U
[ 92.31 -90.22 -62.28 -0.37 -0.11  0.12]
Condition: 0
Time step 74, joint angles:
['92.307', '-90.216', '-62.268', '-0.372', '0.000', '0.000']
Time step 74, end-effector coordinates:
['165.828', '-231.203', '97.055', '-1.719', '0.000', '0.000']
Time step 74, X+U
[ 91.79 -90.13 -61.72 -0.40 -0.31  0.24]
Condition: 0
Time step 75, joint angles:
['91.794', '-90.132', '-61.712', '-0.396', '0.000', '0.000']
Time step 75, end-effector coordinates:
['167.883', '-229.966', '97.287', '-1.267', '0.000', '0.000']
Time step 75, X+U
[ 91.21 -90.08 -61.39 -0.16 -0.46  0.12]
Condition: 0
Time step 76, joint angles:
['91.213', '-90.077', '-61.381', '-0.158', '0.000', '0.000']
Time step 76, end-effector coordinates:
['170.203', '-228.419', '97.425', '-0.979', '0.000', '0.000']
Time step 76, X+U
[ 90.73 -89.98 -61.36  0.18 -0.49 -0.29]
Condition: 0
Time step 77, joint angles:
['90.733', '-89.985', '-61.352', '0.182', '0.000', '0.000']
Time step 77, end-effector coordinates:
['172.105', '-227.268', '97.437', '-0.930', '0.000', '0.000']
Time step 77, X+U
[ 90.54 -89.74 -61.51  0.38 -0.35 -0.81]
Condition: 0
Time step 78, joint angles:
['90.536', '-89.741', '-61.497', '0.375', '0.000', '0.000']
Time step 78, end-effector coordinates:
['172.879', '-227.418', '97.376', '-1.170', '0.000', '0.000']
Time step 78, X+U
[ 90.71 -89.32 -61.57  0.29 -0.12 -1.28]
Condition: 0
Time step 79, joint angles:
['90.712', '-89.322', '-61.564', '0.295', '0.000', '0.000']
Time step 79, end-effector coordinates:
['172.152', '-229.229', '97.348', '-1.685', '0.000', '0.000']
Time step 79, X+U
[ 91.18 -88.84 -61.38  0.02  0.06 -1.58]
Condition: 0
Time step 80, joint angles:
['91.180', '-88.838', '-61.368', '0.022', '0.000', '0.000']
Time step 80, end-effector coordinates:
['170.220', '-232.103', '97.430', '-2.363', '0.000', '0.000']
Time step 80, X+U
[ 91.70 -88.45 -60.93 -0.28  0.07 -1.64]
Condition: 0
Time step 81, joint angles:
['91.698', '-88.454', '-60.924', '-0.278', '0.000', '0.000']
Time step 81, end-effector coordinates:
['168.051', '-234.805', '97.615', '-2.966', '0.000', '0.000']
Time step 81, X+U
[ 92.01 -88.27 -60.46 -0.53 -0.08 -1.38]
Condition: 0
Time step 82, joint angles:
['92.007', '-88.275', '-60.455', '-0.532', '0.000', '0.000']
Time step 82, end-effector coordinates:
['166.748', '-236.254', '97.811', '-3.200', '0.000', '0.000']
Time step 82, X+U
[ 92.00 -88.30 -60.28 -0.78 -0.28 -0.86]
Condition: 0
Time step 83, joint angles:
['91.998', '-88.296', '-60.266', '-0.781', '0.000', '0.000']
Time step 83, end-effector coordinates:
['166.792', '-236.162', '97.889', '-2.921', '0.000', '0.000']
Time step 83, X+U
[ 91.74 -88.42 -60.54 -1.04 -0.42 -0.28]
Condition: 0
Time step 84, joint angles:
['91.744', '-88.423', '-60.528', '-1.044', '0.000', '0.000']
Time step 84, end-effector coordinates:
['167.860', '-235.031', '97.780', '-2.277', '0.000', '0.000']
Time step 84, X+U
[ 91.37 -88.56 -61.13 -1.22 -0.42  0.18]
Condition: 0
Time step 85, joint angles:
['91.374', '-88.558', '-61.120', '-1.221', '0.000', '0.000']
Time step 85, end-effector coordinates:
['169.392', '-233.534', '97.533', '-1.595', '0.000', '0.000']
Time step 85, X+U
[ 90.94 -88.68 -61.76 -1.18 -0.25  0.42]
Condition: 0
Time step 86, joint angles:
['90.936', '-88.681', '-61.748', '-1.178', '0.000', '0.000']
Time step 86, end-effector coordinates:
['171.191', '-231.856', '97.272', '-1.077', '0.000', '0.000']
Time step 86, X+U
[ 90.42 -88.87 -62.21 -0.89  0.06  0.49]
Condition: 0
Time step 87, joint angles:
['90.419', '-88.866', '-62.197', '-0.888', '0.000', '0.000']
Time step 87, end-effector coordinates:
['173.291', '-229.738', '97.085', '-0.665', '0.000', '0.000']
Time step 87, X+U
[ 89.91 -89.20 -62.42 -0.45  0.33  0.43]
Condition: 0
Time step 88, joint angles:
['89.906', '-89.204', '-62.414', '-0.451', '0.000', '0.000']
Time step 88, end-effector coordinates:
['175.357', '-227.144', '96.994', '-0.251', '0.000', '0.000']
Time step 88, X+U
[ 89.60 -89.73 -62.40  0.01  0.37  0.27]
Condition: 0
Time step 89, joint angles:
['89.603', '-89.726', '-62.390', '0.006', '0.000', '0.000']
Time step 89, end-effector coordinates:
['176.559', '-224.620', '97.004', '0.117', '0.000', '0.000']
Time step 89, X+U
[ 89.67 -90.37 -62.09  0.41  0.11  0.02]
Condition: 0
Time step 90, joint angles:
['89.675', '-90.368', '-62.084', '0.409', '0.000', '0.000']
Time step 90, end-effector coordinates:
['176.264', '-222.880', '97.132', '0.284', '0.000', '0.000']
Time step 90, X+U
[ 90.06 -90.98 -61.52  0.73 -0.32 -0.27]
Condition: 0
Time step 91, joint angles:
['90.059', '-90.980', '-61.508', '0.727', '0.000', '0.000']
Time step 91, end-effector coordinates:
['174.744', '-222.189', '97.372', '0.193', '0.000', '0.000']
Time step 91, X+U
[ 90.49 -91.39 -60.81  0.96 -0.71 -0.54]
Condition: 0
Time step 92, joint angles:
['90.493', '-91.394', '-60.797', '0.957', '0.000', '0.000']
Time step 92, end-effector coordinates:
['173.042', '-222.240', '97.668', '-0.056', '0.000', '0.000']
Time step 92, X+U
[ 90.73 -91.54 -60.17  1.12 -0.89 -0.75]
Condition: 0
Time step 93, joint angles:
['90.725', '-91.542', '-60.160', '1.117', '0.000', '0.000']
Time step 93, end-effector coordinates:
['172.135', '-222.486', '97.933', '-0.300', '0.000', '0.000']
Time step 93, X+U
[ 90.70 -91.51 -59.79  1.23 -0.88 -0.85]
Condition: 0
Time step 94, joint angles:
['90.696', '-91.506', '-59.785', '1.234', '0.000', '0.000']
Time step 94, end-effector coordinates:
['172.248', '-222.509', '98.090', '-0.424', '0.000', '0.000']
Time step 94, X+U
[ 90.52 -91.43 -59.76  1.31 -0.83 -0.85]
Condition: 0
Time step 95, joint angles:
['90.515', '-91.431', '-59.755', '1.309', '0.000', '0.000']
Time step 95, end-effector coordinates:
['172.955', '-222.194', '98.102', '-0.393', '0.000', '0.000']
Time step 95, X+U
[ 90.32 -91.40 -60.02  1.30 -0.86 -0.80]
Condition: 0
Time step 96, joint angles:
['90.319', '-91.400', '-60.015', '1.302', '0.000', '0.000']
Time step 96, end-effector coordinates:
['173.716', '-221.696', '97.994', '-0.222', '0.000', '0.000']
Time step 96, X+U
[ 90.19 -91.41 -60.41  1.17 -0.99 -0.77]
Condition: 0
Time step 97, joint angles:
['90.193', '-91.411', '-60.403', '1.175', '0.000', '0.000']
Time step 97, end-effector coordinates:
['174.202', '-221.279', '97.832', '0.043', '0.000', '0.000']
Time step 97, X+U
[ 90.16 -91.46 -60.77  0.95 -1.14 -0.81]
Condition: 0
Time step 98, joint angles:
['90.161', '-91.464', '-60.757', '0.954', '0.000', '0.000']
Time step 98, end-effector coordinates:
['174.324', '-221.020', '97.685', '0.349', '0.000', '0.000']
Time step 98, X+U
[ 90.11 -91.78 -61.03  0.80 -1.37 -0.97]
Condition: 0
Time step 99, joint angles:
['90.111', '-91.779', '-61.022', '0.795', '0.000', '0.000']
Time step 99, end-effector coordinates:
['174.489', '-219.907', '97.574', '0.872', '0.000', '0.000']
Time step 99, X+U
[ 89.56 -93.51 -61.39  1.06 -2.00 -1.45]
Sample finished at: Iteration 0 condition 0 sample 0

Iteration 0 condition 0 sample 1
Linear Gaussian Policy
Initial state:
[ 91.05 -89.58 -60.89  0.00  0.00  0.00]
Target state:
[ 35.24 -74.12 -55.19  38.88  0.00  0.00]
[ 320.00 -20.00  100.00 -0.00  0.00 -0.00]
Condition: 0
Time step 0, joint angles:
['91.046', '-89.582', '-60.887', '0.000', '0.000', '0.000']
Time step 0, end-effector coordinates:
['170.837', '-229.432', '97.634', '-1.460', '0.000', '0.000']
Time step 0, X+U
[ 90.24 -90.11 -61.43  0.15 -1.25 -1.18]
Condition: 0
Time step 1, joint angles:
['90.241', '-90.112', '-61.418', '0.153', '0.000', '0.000']
Time step 1, end-effector coordinates:
['174.053', '-225.393', '97.409', '-0.283', '0.000', '0.000']
Time step 1, X+U
[ 90.24 -90.40 -61.41  0.29 -1.06 -0.97]
Condition: 0
Time step 2, joint angles:
['90.245', '-90.403', '-61.399', '0.291', '0.000', '0.000']
Time step 2, end-effector coordinates:
['174.039', '-224.513', '97.417', '-0.132', '0.000', '0.000']
Time step 2, X+U
[ 90.62 -90.64 -61.07  0.50 -0.77 -0.62]
Condition: 0
Time step 3, joint angles:
['90.617', '-90.640', '-61.062', '0.497', '0.000', '0.000']
Time step 3, end-effector coordinates:
['172.578', '-224.916', '97.557', '-0.473', '0.000', '0.000']
Time step 3, X+U
[ 90.93 -90.80 -60.65  0.74 -0.49 -0.18]
Condition: 0
Time step 4, joint angles:
['90.926', '-90.803', '-60.642', '0.745', '0.000', '0.000']
Time step 4, end-effector coordinates:
['171.363', '-225.345', '97.733', '-0.867', '0.000', '0.000']
Time step 4, X+U
[ 90.96 -90.81 -60.35  0.90 -0.26  0.24]
Condition: 0
Time step 5, joint angles:
['90.962', '-90.811', '-60.337', '0.899', '0.000', '0.000']
Time step 5, end-effector coordinates:
['171.222', '-225.430', '97.860', '-1.050', '0.000', '0.000']
Time step 5, X+U
[ 90.80 -90.62 -60.27  0.77 -0.08  0.53]
Condition: 0
Time step 6, joint angles:
['90.803', '-90.616', '-60.258', '0.770', '0.000', '0.000']
Time step 6, end-effector coordinates:
['171.845', '-225.548', '97.892', '-0.957', '0.000', '0.000']
Time step 6, X+U
[ 90.64 -90.26 -60.41  0.25  0.05  0.58]
Condition: 0
Time step 7, joint angles:
['90.637', '-90.263', '-60.402', '0.252', '0.000', '0.000']
Time step 7, end-effector coordinates:
['172.495', '-226.128', '97.832', '-0.626', '0.000', '0.000']
Time step 7, X+U
[ 90.54 -89.87 -60.69 -0.53  0.10  0.34]
Condition: 0
Time step 8, joint angles:
['90.539', '-89.868', '-60.681', '-0.534', '0.000', '0.000']
Time step 8, end-effector coordinates:
['172.870', '-227.039', '97.716', '-0.137', '0.000', '0.000']
Time step 8, X+U
[ 90.44 -89.57 -61.01 -1.24  0.03 -0.10]
Condition: 0
Time step 9, joint angles:
['90.444', '-89.570', '-60.998', '-1.241', '0.000', '0.000']
Time step 9, end-effector coordinates:
['173.238', '-227.662', '97.584', '0.367', '0.000', '0.000']
Time step 9, X+U
[ 90.28 -89.46 -61.31 -1.52 -0.12 -0.49]
Condition: 0
Time step 10, joint angles:
['90.275', '-89.460', '-61.302', '-1.515', '0.000', '0.000']
Time step 10, end-effector coordinates:
['173.901', '-227.489', '97.458', '0.699', '0.000', '0.000']
Time step 10, X+U
[ 90.07 -89.55 -61.56 -1.28 -0.27 -0.58]
Condition: 0
Time step 11, joint angles:
['90.068', '-89.552', '-61.554', '-1.276', '0.000', '0.000']
Time step 11, end-effector coordinates:
['174.727', '-226.574', '97.352', '0.761', '0.000', '0.000']
Time step 11, X+U
[ 89.94 -89.80 -61.68 -0.78 -0.35 -0.21]
Condition: 0
Time step 12, joint angles:
['89.941', '-89.800', '-61.671', '-0.783', '0.000', '0.000']
Time step 12, end-effector coordinates:
['175.231', '-225.431', '97.304', '0.642', '0.000', '0.000']
Time step 12, X+U
[ 89.99 -90.12 -61.59 -0.41 -0.34  0.47]
Condition: 0
Time step 13, joint angles:
['89.991', '-90.123', '-61.576', '-0.408', '0.000', '0.000']
Time step 13, end-effector coordinates:
['175.034', '-224.598', '97.343', '0.540', '0.000', '0.000']
Time step 13, X+U
[ 90.20 -90.41 -61.33 -0.31 -0.31  1.10]
Condition: 0
Time step 14, joint angles:
['90.199', '-90.409', '-61.325', '-0.311', '0.000', '0.000']
Time step 14, end-effector coordinates:
['174.217', '-224.359', '97.448', '0.521', '0.000', '0.000']
Time step 14, X+U
[ 90.46 -90.52 -61.10 -0.31 -0.31  1.31]
Condition: 0
Time step 15, joint angles:
['90.462', '-90.523', '-61.093', '-0.313', '0.000', '0.000']
Time step 15, end-effector coordinates:
['173.185', '-224.806', '97.545', '0.374', '0.000', '0.000']
Time step 15, X+U
[ 90.71 -90.39 -61.03 -0.10 -0.33  1.01]
Condition: 0
Time step 16, joint angles:
['90.712', '-90.391', '-61.025', '-0.105', '0.000', '0.000']
Time step 16, end-effector coordinates:
['172.203', '-225.962', '97.573', '-0.216', '0.000', '0.000']
Time step 16, X+U
[ 90.97 -90.07 -61.13  0.39 -0.33  0.40]
Condition: 0
Time step 17, joint angles:
['90.972', '-90.071', '-61.124', '0.386', '0.000', '0.000']
Time step 17, end-effector coordinates:
['171.160', '-227.720', '97.532', '-1.288', '0.000', '0.000']
Time step 17, X+U
[ 91.27 -89.73 -61.28  0.88 -0.28 -0.24]
Condition: 0
Time step 18, joint angles:
['91.271', '-89.726', '-61.267', '0.882', '0.000', '0.000']
Time step 18, end-effector coordinates:
['169.946', '-229.662', '97.472', '-2.427', '0.000', '0.000']
Time step 18, X+U
[ 91.51 -89.50 -61.29  1.02 -0.24 -0.75]
Condition: 0
Time step 19, joint angles:
['91.515', '-89.502', '-61.284', '1.015', '0.000', '0.000']
Time step 19, end-effector coordinates:
['168.945', '-231.066', '97.465', '-3.027', '0.000', '0.000']
Time step 19, X+U
[ 91.53 -89.45 -61.05  0.65 -0.23 -1.10]
Condition: 0
Time step 20, joint angles:
['91.529', '-89.453', '-61.039', '0.654', '0.000', '0.000']
Time step 20, end-effector coordinates:
['168.883', '-231.259', '97.567', '-2.730', '0.000', '0.000']
Time step 20, X+U
[ 91.24 -89.56 -60.55 -0.03 -0.20 -1.29]
Condition: 0
Time step 21, joint angles:
['91.244', '-89.557', '-60.545', '-0.032', '0.000', '0.000']
Time step 21, end-effector coordinates:
['170.041', '-230.099', '97.773', '-1.655', '0.000', '0.000']
Time step 21, X+U
[ 90.81 -89.78 -60.02 -0.73 -0.13 -1.27]
Condition: 0
Time step 22, joint angles:
['90.810', '-89.777', '-60.009', '-0.734', '0.000', '0.000']
Time step 22, end-effector coordinates:
['171.792', '-228.130', '97.996', '-0.298', '0.000', '0.000']
Time step 22, X+U
[ 90.50 -90.08 -59.70 -1.17 -0.06 -0.99]
Condition: 0
Time step 23, joint angles:
['90.497', '-90.076', '-59.695', '-1.167', '0.000', '0.000']
Time step 23, end-effector coordinates:
['173.043', '-226.277', '98.127', '0.746', '0.000', '0.000']
Time step 23, X+U
[ 90.51 -90.40 -59.71 -1.21 -0.07 -0.53]
Condition: 0
Time step 24, joint angles:
['90.510', '-90.396', '-59.699', '-1.211', '0.000', '0.000']
Time step 24, end-effector coordinates:
['172.998', '-225.338', '98.125', '1.097', '0.000', '0.000']
Time step 24, X+U
[ 90.89 -90.67 -59.91 -1.01 -0.19 -0.04]
Condition: 0
Time step 25, joint angles:
['90.890', '-90.672', '-59.898', '-1.009', '0.000', '0.000']
Time step 25, end-effector coordinates:
['171.504', '-225.637', '98.043', '0.791', '0.000', '0.000']
Time step 25, X+U
[ 91.53 -90.85 -60.12 -0.86 -0.36  0.31]
Condition: 0
Time step 26, joint angles:
['91.535', '-90.853', '-60.111', '-0.860', '0.000', '0.000']
Time step 26, end-effector coordinates:
['168.961', '-227.003', '97.954', '0.178', '0.000', '0.000']
Time step 26, X+U
[ 92.26 -90.92 -60.29 -0.95 -0.51  0.43]
Condition: 0
Time step 27, joint angles:
['92.256', '-90.916', '-60.277', '-0.950', '0.000', '0.000']
Time step 27, end-effector coordinates:
['166.096', '-228.918', '97.885', '-0.390', '0.000', '0.000']
Time step 27, X+U
[ 92.85 -90.87 -60.45 -1.22 -0.63  0.37]
Condition: 0
Time step 28, joint angles:
['92.851', '-90.867', '-60.442', '-1.216', '0.000', '0.000']
Time step 28, end-effector coordinates:
['163.703', '-230.781', '97.816', '-0.768', '0.000', '0.000']
Time step 28, X+U
[ 93.17 -90.71 -60.67 -1.48 -0.69  0.21]
Condition: 0
Time step 29, joint angles:
['93.173', '-90.706', '-60.661', '-1.482', '0.000', '0.000']
Time step 29, end-effector coordinates:
['162.383', '-232.188', '97.724', '-0.985', '0.000', '0.000']
Time step 29, X+U
[ 93.16 -90.41 -60.94 -1.63 -0.68  0.01]
Condition: 0
Time step 30, joint angles:
['93.163', '-90.415', '-60.926', '-1.629', '0.000', '0.000']
Time step 30, end-effector coordinates:
['162.386', '-233.046', '97.614', '-1.119', '0.000', '0.000']
Time step 30, X+U
[ 92.85 -90.00 -61.16 -1.61 -0.60 -0.20]
Condition: 0
Time step 31, joint angles:
['92.846', '-90.004', '-61.151', '-1.613', '0.000', '0.000']
Time step 31, end-effector coordinates:
['163.611', '-233.401', '97.520', '-1.230', '0.000', '0.000']
Time step 31, X+U
[ 92.33 -89.56 -61.21 -1.43 -0.51 -0.35]
Condition: 0
Time step 32, joint angles:
['92.326', '-89.558', '-61.203', '-1.429', '0.000', '0.000']
Time step 32, end-effector coordinates:
['165.663', '-233.267', '97.499', '-1.339', '0.000', '0.000']
Time step 32, X+U
[ 91.75 -89.18 -61.01 -1.12 -0.46 -0.32]
Condition: 0
Time step 33, joint angles:
['91.754', '-89.184', '-61.002', '-1.118', '0.000', '0.000']
Time step 33, end-effector coordinates:
['167.937', '-232.742', '97.583', '-1.452', '0.000', '0.000']
Time step 33, X+U
[ 91.26 -88.92 -60.65 -0.77 -0.42 -0.03]
Condition: 0
Time step 34, joint angles:
['91.264', '-88.922', '-60.643', '-0.770', '0.000', '0.000']
Time step 34, end-effector coordinates:
['169.889', '-232.099', '97.732', '-1.573', '0.000', '0.000']
Time step 34, X+U
[ 90.91 -88.75 -60.38 -0.46 -0.34  0.48]
Condition: 0
Time step 35, joint angles:
['90.911', '-88.745', '-60.373', '-0.458', '0.000', '0.000']
Time step 35, end-effector coordinates:
['171.297', '-231.586', '97.845', '-1.708', '0.000', '0.000']
Time step 35, X+U
[ 90.70 -88.65 -60.40 -0.16 -0.21  1.00]
Condition: 0
Time step 36, joint angles:
['90.702', '-88.653', '-60.388', '-0.164', '0.000', '0.000']
Time step 36, end-effector coordinates:
['172.130', '-231.240', '97.838', '-1.885', '0.000', '0.000']
Time step 36, X+U
[ 90.67 -88.69 -60.68  0.19 -0.07  1.30]
Condition: 0
Time step 37, joint angles:
['90.672', '-88.693', '-60.666', '0.186', '0.000', '0.000']
Time step 37, end-effector coordinates:
['172.258', '-231.026', '97.723', '-2.164', '0.000', '0.000']
Time step 37, X+U
[ 90.85 -88.89 -61.02  0.62  0.02  1.26]
Condition: 0
Time step 38, joint angles:
['90.851', '-88.888', '-61.014', '0.621', '0.000', '0.000']
Time step 38, end-effector coordinates:
['171.556', '-230.971', '97.578', '-2.585', '0.000', '0.000']
Time step 38, X+U
[ 91.18 -89.20 -61.27  1.07 -0.04  0.90]
Condition: 0
Time step 39, joint angles:
['91.178', '-89.196', '-61.257', '1.073', '0.000', '0.000']
Time step 39, end-effector coordinates:
['170.270', '-231.003', '97.476', '-3.055', '0.000', '0.000']
Time step 39, X+U
[ 91.49 -89.57 -61.37  1.40 -0.27  0.36]
Condition: 0
Time step 40, joint angles:
['91.492', '-89.566', '-61.360', '1.402', '0.000', '0.000']
Time step 40, end-effector coordinates:
['169.043', '-230.805', '97.433', '-3.328', '0.000', '0.000']
Time step 40, X+U
[ 91.65 -89.97 -61.39  1.48 -0.60 -0.14]
Condition: 0
Time step 41, joint angles:
['91.649', '-89.968', '-61.378', '1.477', '0.000', '0.000']
Time step 41, end-effector coordinates:
['168.451', '-230.040', '97.426', '-3.158', '0.000', '0.000']
Time step 41, X+U
[ 91.62 -90.37 -61.36  1.25 -0.87 -0.43]
Condition: 0
Time step 42, joint angles:
['91.621', '-90.369', '-61.346', '1.246', '0.000', '0.000']
Time step 42, end-effector coordinates:
['168.593', '-228.735', '97.439', '-2.499', '0.000', '0.000']
Time step 42, X+U
[ 91.51 -90.71 -61.28  0.76 -0.93 -0.51]
Condition: 0
Time step 43, joint angles:
['91.506', '-90.712', '-61.268', '0.760', '0.000', '0.000']
Time step 43, end-effector coordinates:
['169.071', '-227.345', '97.472', '-1.553', '0.000', '0.000']
Time step 43, X+U
[ 91.43 -90.95 -61.18  0.11 -0.72 -0.51]
Condition: 0
Time step 44, joint angles:
['91.432', '-90.948', '-61.174', '0.107', '0.000', '0.000']
Time step 44, end-effector coordinates:
['169.370', '-226.407', '97.511', '-0.590', '0.000', '0.000']
Time step 44, X+U
[ 91.44 -91.06 -61.16 -0.63 -0.28 -0.58]
Condition: 0
Time step 45, joint angles:
['91.443', '-91.057', '-61.154', '-0.627', '0.000', '0.000']
Time step 45, end-effector coordinates:
['169.332', '-226.108', '97.519', '0.241', '0.000', '0.000']
Time step 45, X+U
[ 91.44 -91.03 -61.29 -1.33  0.24 -0.72]
Condition: 0
Time step 46, joint angles:
['91.445', '-91.029', '-61.285', '-1.327', '0.000', '0.000']
Time step 46, end-effector coordinates:
['169.323', '-226.197', '97.464', '0.912', '0.000', '0.000']
Time step 46, X+U
[ 91.29 -90.86 -61.55 -1.82  0.70 -0.82]
Condition: 0
Time step 47, joint angles:
['91.290', '-90.860', '-61.544', '-1.821', '0.000', '0.000']
Time step 47, end-effector coordinates:
['169.931', '-226.255', '97.357', '1.392', '0.000', '0.000']
Time step 47, X+U
[ 90.90 -90.58 -61.82 -1.95  0.97 -0.73]
Condition: 0
Time step 48, joint angles:
['90.901', '-90.581', '-61.810', '-1.952', '0.000', '0.000']
Time step 48, end-effector coordinates:
['171.459', '-225.948', '97.246', '1.632', '0.000', '0.000']
Time step 48, X+U
[ 90.36 -90.31 -61.96 -1.66  1.00 -0.49]
Condition: 0
Time step 49, joint angles:
['90.358', '-90.311', '-61.946', '-1.661', '0.000', '0.000']
Time step 49, end-effector coordinates:
['173.596', '-225.138', '97.189', '1.615', '0.000', '0.000']
Time step 49, X+U
[ 89.89 -90.20 -61.92 -1.00  0.82 -0.22]
Condition: 0
Time step 50, joint angles:
['89.887', '-90.205', '-61.912', '-1.004', '0.000', '0.000']
Time step 50, end-effector coordinates:
['175.442', '-224.028', '97.203', '1.323', '0.000', '0.000']
Time step 50, X+U
[ 89.75 -90.31 -61.83 -0.13  0.54 -0.05]
Condition: 0
Time step 51, joint angles:
['89.749', '-90.310', '-61.821', '-0.132', '0.000', '0.000']
Time step 51, end-effector coordinates:
['175.978', '-223.285', '97.241', '0.693', '0.000', '0.000']
Time step 51, X+U
[ 90.05 -90.45 -61.84  0.69  0.33  0.05]
Condition: 0
Time step 52, joint angles:
['90.054', '-90.453', '-61.835', '0.693', '0.000', '0.000']
Time step 52, end-effector coordinates:
['174.782', '-223.784', '97.235', '-0.295', '0.000', '0.000']
Time step 52, X+U
[ 90.67 -90.34 -62.00  1.16  0.27  0.18]
Condition: 0
Time step 53, joint angles:
['90.670', '-90.345', '-61.993', '1.160', '0.000', '0.000']
Time step 53, end-effector coordinates:
['172.365', '-225.979', '97.169', '-1.485', '0.000', '0.000']
Time step 53, X+U
[ 91.32 -89.83 -62.18  1.09  0.31  0.42]
Condition: 0
Time step 54, joint angles:
['91.321', '-89.826', '-62.174', '1.087', '0.000', '0.000']
Time step 54, end-effector coordinates:
['169.754', '-229.505', '97.094', '-2.582', '0.000', '0.000']
Time step 54, X+U
[ 91.78 -89.00 -62.24  0.58  0.38  0.69]
Condition: 0
Time step 55, joint angles:
['91.778', '-89.000', '-62.235', '0.576', '0.000', '0.000']
Time step 55, end-effector coordinates:
['167.811', '-233.376', '97.069', '-3.355', '0.000', '0.000']
Time step 55, X+U
[ 91.98 -88.14 -62.16 -0.04  0.46  0.87]
Condition: 0
Time step 56, joint angles:
['91.977', '-88.136', '-62.150', '-0.040', '0.000', '0.000']
Time step 56, end-effector coordinates:
['166.843', '-236.590', '97.104', '-3.802', '0.000', '0.000']
Time step 56, X+U
[ 91.99 -87.49 -61.97 -0.44  0.59  0.86]
Condition: 0
Time step 57, joint angles:
['91.990', '-87.492', '-61.958', '-0.436', '0.000', '0.000']
Time step 57, end-effector coordinates:
['166.647', '-238.590', '97.184', '-4.062', '0.000', '0.000']
Time step 57, X+U
[ 91.92 -87.19 -61.67 -0.49  0.75  0.62]
Condition: 0
Time step 58, joint angles:
['91.924', '-87.187', '-61.657', '-0.493', '0.000', '0.000']
Time step 58, end-effector coordinates:
['166.847', '-239.326', '97.310', '-4.245', '0.000', '0.000']
Time step 58, X+U
[ 91.83 -87.17 -61.20 -0.29  0.82  0.27]
Condition: 0
Time step 59, joint angles:
['91.828', '-87.169', '-61.192', '-0.289', '0.000', '0.000']
Time step 59, end-effector coordinates:
['167.246', '-239.098', '97.503', '-4.369', '0.000', '0.000']
Time step 59, X+U
[ 91.69 -87.28 -60.57  0.03  0.70 -0.01]
Condition: 0
Time step 60, joint angles:
['91.686', '-87.278', '-60.559', '0.028', '0.000', '0.000']
Time step 60, end-effector coordinates:
['167.864', '-238.351', '97.767', '-4.436', '0.000', '0.000']
Time step 60, X+U
[ 91.48 -87.39 -59.88  0.33  0.44 -0.07]
Condition: 0
Time step 61, joint angles:
['91.483', '-87.389', '-59.872', '0.332', '0.000', '0.000']
Time step 61, end-effector coordinates:
['168.729', '-237.419', '98.053', '-4.426', '0.000', '0.000']
Time step 61, X+U
[ 91.24 -87.51 -59.37  0.54  0.19  0.04]
Condition: 0
Time step 62, joint angles:
['91.239', '-87.512', '-59.360', '0.536', '0.000', '0.000']
Time step 62, end-effector coordinates:
['169.764', '-236.323', '98.267', '-4.263', '0.000', '0.000']
Time step 62, X+U
[ 90.99 -87.73 -59.27  0.62  0.10  0.21]
Condition: 0
Time step 63, joint angles:
['90.989', '-87.731', '-59.257', '0.624', '0.000', '0.000']
Time step 63, end-effector coordinates:
['170.833', '-234.914', '98.310', '-3.882', '0.000', '0.000']
Time step 63, X+U
[ 90.77 -88.07 -59.67  0.64  0.19  0.33]
Condition: 0
Time step 64, joint angles:
['90.768', '-88.068', '-59.657', '0.637', '0.000', '0.000']
Time step 64, end-effector coordinates:
['171.788', '-233.225', '98.143', '-3.337', '0.000', '0.000']
Time step 64, X+U
[ 90.61 -88.45 -60.43  0.63  0.36  0.37]
Condition: 0
Time step 65, joint angles:
['90.607', '-88.455', '-60.420', '0.626', '0.000', '0.000']
Time step 65, end-effector coordinates:
['172.492', '-231.561', '97.825', '-2.779', '0.000', '0.000']
Time step 65, X+U
[ 90.51 -88.81 -61.25  0.60  0.50  0.33]
Condition: 0
Time step 66, joint angles:
['90.512', '-88.806', '-61.236', '0.602', '0.000', '0.000']
Time step 66, end-effector coordinates:
['172.911', '-230.201', '97.485', '-2.308', '0.000', '0.000']
Time step 66, X+U
[ 90.46 -89.10 -61.82  0.53  0.56  0.26]
Condition: 0
Time step 67, joint angles:
['90.462', '-89.095', '-61.811', '0.527', '0.000', '0.000']
Time step 67, end-effector coordinates:
['173.137', '-229.166', '97.246', '-1.894', '0.000', '0.000']
Time step 67, X+U
[ 90.44 -89.35 -62.01  0.33  0.57  0.20]
Condition: 0
Time step 68, joint angles:
['90.436', '-89.349', '-62.003', '0.333', '0.000', '0.000']
Time step 68, end-effector coordinates:
['173.255', '-228.315', '97.166', '-1.420', '0.000', '0.000']
Time step 68, X+U
[ 90.44 -89.61 -61.83 -0.02  0.58  0.18]
Condition: 0
Time step 69, joint angles:
['90.440', '-89.609', '-61.816', '-0.018', '0.000', '0.000']
Time step 69, end-effector coordinates:
['173.255', '-227.532', '97.243', '-0.813', '0.000', '0.000']
Time step 69, X+U
[ 90.49 -89.91 -61.33 -0.43  0.59  0.19]
Condition: 0
Time step 70, joint angles:
['90.485', '-89.906', '-61.318', '-0.428', '0.000', '0.000']
Time step 70, end-effector coordinates:
['173.086', '-226.762', '97.451', '-0.151', '0.000', '0.000']
Time step 70, X+U
[ 90.58 -90.25 -60.62 -0.68  0.62  0.26]
Condition: 0
Time step 71, joint angles:
['90.581', '-90.247', '-60.608', '-0.681', '0.000', '0.000']
Time step 71, end-effector coordinates:
['172.716', '-226.009', '97.747', '0.347', '0.000', '0.000']
Time step 71, X+U
[ 90.74 -90.59 -59.86 -0.62  0.66  0.35]
Condition: 0
Time step 72, joint angles:
['90.736', '-90.590', '-59.847', '-0.625', '0.000', '0.000']
Time step 72, end-effector coordinates:
['172.108', '-225.429', '98.064', '0.478', '0.000', '0.000']
Time step 72, X+U
[ 90.94 -90.83 -59.27 -0.33  0.75  0.38]
Condition: 0
Time step 73, joint angles:
['90.937', '-90.833', '-59.259', '-0.327', '0.000', '0.000']
Time step 73, end-effector coordinates:
['171.320', '-225.289', '98.309', '0.222', '0.000', '0.000']
Time step 73, X+U
[ 91.10 -90.86 -59.06 -0.01  0.88  0.24]
Condition: 0
Time step 74, joint angles:
['91.096', '-90.855', '-59.046', '-0.009', '0.000', '0.000']
Time step 74, end-effector coordinates:
['170.693', '-225.695', '98.397', '-0.232', '0.000', '0.000']
Time step 74, X+U
[ 91.10 -90.61 -59.27  0.13  0.98 -0.09]
Condition: 0
Time step 75, joint angles:
['91.096', '-90.610', '-59.265', '0.134', '0.000', '0.000']
Time step 75, end-effector coordinates:
['170.689', '-226.443', '98.306', '-0.620', '0.000', '0.000']
Time step 75, X+U
[ 90.92 -90.17 -59.79  0.02  0.95 -0.50]
Condition: 0
Time step 76, joint angles:
['90.920', '-90.168', '-59.780', '0.017', '0.000', '0.000']
Time step 76, end-effector coordinates:
['171.372', '-227.267', '98.092', '-0.769', '0.000', '0.000']
Time step 76, X+U
[ 90.69 -89.68 -60.34 -0.36  0.73 -0.83]
Condition: 0
Time step 77, joint angles:
['90.695', '-89.683', '-60.333', '-0.355', '0.000', '0.000']
Time step 77, end-effector coordinates:
['172.244', '-228.074', '97.861', '-0.657', '0.000', '0.000']
Time step 77, X+U
[ 90.54 -89.31 -60.69 -0.90  0.37 -1.00]
Condition: 0
Time step 78, joint angles:
['90.542', '-89.312', '-60.676', '-0.900', '0.000', '0.000']
Time step 78, end-effector coordinates:
['172.833', '-228.745', '97.718', '-0.330', '0.000', '0.000']
Time step 78, X+U
[ 90.43 -89.16 -60.67 -1.44  0.02 -1.02]
Condition: 0
Time step 79, joint angles:
['90.427', '-89.159', '-60.665', '-1.444', '0.000', '0.000']
Time step 79, end-effector coordinates:
['173.279', '-228.868', '97.723', '0.176', '0.000', '0.000']
Time step 79, X+U
[ 90.22 -89.24 -60.33 -1.78 -0.17 -0.94]
Condition: 0
Time step 80, joint angles:
['90.221', '-89.244', '-60.320', '-1.777', '0.000', '0.000']
Time step 80, end-effector coordinates:
['174.105', '-227.985', '97.867', '0.799', '0.000', '0.000']
Time step 80, X+U
[ 89.88 -89.48 -59.82 -1.78 -0.13 -0.78]
Condition: 0
Time step 81, joint angles:
['89.879', '-89.483', '-59.812', '-1.775', '0.000', '0.000']
Time step 81, end-effector coordinates:
['175.469', '-226.209', '98.078', '1.379', '0.000', '0.000']
Time step 81, X+U
[ 89.52 -89.71 -59.39 -1.49  0.16 -0.56]
Condition: 0
Time step 82, joint angles:
['89.524', '-89.714', '-59.384', '-1.492', '0.000', '0.000']
Time step 82, end-effector coordinates:
['176.868', '-224.412', '98.257', '1.682', '0.000', '0.000']
Time step 82, X+U
[ 89.33 -89.78 -59.20 -1.12  0.62 -0.22]
Condition: 0
Time step 83, joint angles:
['89.334', '-89.783', '-59.189', '-1.119', '0.000', '0.000']
Time step 83, end-effector coordinates:
['177.609', '-223.614', '98.338', '1.568', '0.000', '0.000']
Time step 83, X+U
[ 89.37 -89.66 -59.20 -0.85  1.09  0.25]
Condition: 0
Time step 84, joint angles:
['89.374', '-89.665', '-59.188', '-0.846', '0.000', '0.000']
Time step 84, end-effector coordinates:
['177.455', '-224.099', '98.338', '1.137', '0.000', '0.000']
Time step 84, X+U
[ 89.55 -89.49 -59.24 -0.73  1.43  0.76]
Condition: 0
Time step 85, joint angles:
['89.546', '-89.492', '-59.226', '-0.732', '0.000', '0.000']
Time step 85, end-effector coordinates:
['176.783', '-225.157', '98.322', '0.678', '0.000', '0.000']
Time step 85, X+U
[ 89.69 -89.47 -59.23 -0.69  1.55  1.12]
Condition: 0
Time step 86, joint angles:
['89.693', '-89.470', '-59.223', '-0.694', '0.000', '0.000']
Time step 86, end-effector coordinates:
['176.206', '-225.675', '98.324', '0.472', '0.000', '0.000']
Time step 86, X+U
[ 89.73 -89.73 -59.24 -0.63  1.50  1.18]
Condition: 0
Time step 87, joint angles:
['89.726', '-89.727', '-59.233', '-0.626', '0.000', '0.000']
Time step 87, end-effector coordinates:
['176.077', '-224.993', '98.320', '0.628', '0.000', '0.000']
Time step 87, X+U
[ 89.66 -90.21 -59.32 -0.51  1.35  0.93]
Condition: 0
Time step 88, joint angles:
['89.663', '-90.209', '-59.309', '-0.512', '0.000', '0.000']
Time step 88, end-effector coordinates:
['176.314', '-223.331', '98.288', '1.057', '0.000', '0.000']
Time step 88, X+U
[ 89.59 -90.71 -59.38 -0.40  1.19  0.51]
Condition: 0
Time step 89, joint angles:
['89.594', '-90.708', '-59.376', '-0.404', '0.000', '0.000']
Time step 89, end-effector coordinates:
['176.561', '-221.593', '98.260', '1.517', '0.000', '0.000']
Time step 89, X+U
[ 89.64 -91.01 -59.32 -0.28  1.01  0.07]
Condition: 0
Time step 90, joint angles:
['89.638', '-91.015', '-59.315', '-0.284', '0.000', '0.000']
Time step 90, end-effector coordinates:
['176.372', '-220.789', '98.286', '1.662', '0.000', '0.000']
Time step 90, X+U
[ 89.92 -91.06 -59.15 -0.03  0.84 -0.23]
Condition: 0
Time step 91, joint angles:
['89.919', '-91.062', '-59.142', '-0.032', '0.000', '0.000']
Time step 91, end-effector coordinates:
['175.282', '-221.510', '98.358', '1.175', '0.000', '0.000']
Time step 91, X+U
[ 90.50 -90.94 -59.01  0.44  0.72 -0.30]
Condition: 0
Time step 92, joint angles:
['90.498', '-90.936', '-59.001', '0.441', '0.000', '0.000']
Time step 92, end-effector coordinates:
['173.040', '-223.654', '98.416', '-0.002', '0.000', '0.000']
Time step 92, X+U
[ 91.27 -90.78 -59.02  1.03  0.71 -0.16]
Condition: 0
Time step 93, joint angles:
['91.274', '-90.777', '-59.009', '1.034', '0.000', '0.000']
Time step 93, end-effector coordinates:
['169.991', '-226.463', '98.413', '-1.531', '0.000', '0.000']
Time step 93, X+U
[ 92.00 -90.66 -59.20  1.51  0.82  0.08]
Condition: 0
Time step 94, joint angles:
['92.005', '-90.664', '-59.195', '1.513', '0.000', '0.000']
Time step 94, end-effector coordinates:
['167.081', '-228.958', '98.335', '-2.854', '0.000', '0.000']
Time step 94, X+U
[ 92.47 -90.58 -59.59  1.71  0.96  0.27]
Condition: 0
Time step 95, joint angles:
['92.469', '-90.580', '-59.583', '1.715', '0.000', '0.000']
Time step 95, end-effector coordinates:
['165.214', '-230.558', '98.174', '-3.603', '0.000', '0.000']
Time step 95, X+U
[ 92.64 -90.46 -60.21  1.66  0.99  0.38]
Condition: 0
Time step 96, joint angles:
['92.640', '-90.463', '-60.199', '1.658', '0.000', '0.000']
Time step 96, end-effector coordinates:
['164.511', '-231.408', '97.917', '-3.834', '0.000', '0.000']
Time step 96, X+U
[ 92.70 -90.26 -60.97  1.46  0.77  0.45]
Condition: 0
Time step 97, joint angles:
['92.699', '-90.263', '-60.960', '1.462', '0.000', '0.000']
Time step 97, end-effector coordinates:
['164.247', '-232.189', '97.600', '-3.898', '0.000', '0.000']
Time step 97, X+U
[ 92.90 -89.98 -61.67  1.24  0.31  0.51]
Condition: 0
Time step 98, joint angles:
['92.896', '-89.976', '-61.656', '1.239', '0.000', '0.000']
Time step 98, end-effector coordinates:
['163.404', '-233.629', '97.310', '-4.159', '0.000', '0.000']
Time step 98, X+U
[ 93.58 -89.65 -62.28  1.15 -0.29  0.61]
Condition: 0
Time step 99, joint angles:
['93.578', '-89.647', '-62.268', '1.152', '0.000', '0.000']
Time step 99, end-effector coordinates:
['160.546', '-236.558', '97.055', '-5.083', '0.000', '0.000']
Time step 99, X+U
[ 96.17 -89.21 -63.69  1.72 -1.01  0.89]
Sample finished at: Iteration 0 condition 0 sample 1

Iteration 0 condition 0 sample 2
Linear Gaussian Policy
Initial state:
[ 91.05 -89.58 -60.89  0.00  0.00  0.00]
Target state:
[ 35.24 -74.12 -55.19  38.88  0.00  0.00]
[ 320.00 -20.00  100.00 -0.00  0.00 -0.00]
Iteration 0 condition 0 sample 0
Linear Gaussian Policy
Initial state:
[ 91.05 -89.58 -60.89  0.00  0.00  0.00]
Target state:
[ 35.24 -74.12 -55.19  38.88  0.00  0.00]
[ 320.00 -20.00  100.00 -0.00  0.00 -0.00]
Iteration 0 condition 0 sample 0
Linear Gaussian Policy
Initial state:
[ 89.59 -87.41 -60.44  0.00  0.00  0.00]
Target state:
[ 35.24 -74.12 -55.19  38.88  0.00  0.00]
[ 320.00 -20.00  100.00 -0.00  0.00 -0.00]
Iteration 0 condition 0 sample 0
Linear Gaussian Policy
Initial state:
[ 89.59 -87.41 -60.44  0.00  0.00  0.00]
Target state:
[ 35.24 -74.12 -55.19  38.88  0.00  0.00]
[ 320.00 -20.00  100.00 -0.00  0.00 -0.00]
Condition: 0
Time step 0, joint angles:
['89.592', '-87.409', '-60.440', '0.000', '0.000', '0.000']
Time step 0, end-effector coordinates:
['176.475', '-231.660', '97.821', '-2.186', '0.000', '0.000']
Time step 0, X+U
[ 91.14 -87.40 -60.11  1.69  2.31  0.02]
Condition: 0
Time step 1, joint angles:
['91.136', '-87.401', '-60.097', '1.691', '0.000', '0.000']
Time step 1, end-effector coordinates:
['170.169', '-236.354', '97.959', '-5.425', '0.000', '0.000']
Time step 1, X+U
[ 91.64 -87.51 -60.32  2.02  2.19  0.11]
Condition: 0
Time step 2, joint angles:
['91.639', '-87.515', '-60.307', '2.017', '0.000', '0.000']
Time step 2, end-effector coordinates:
['168.111', '-237.495', '97.872', '-6.142', '0.000', '0.000']
Time step 2, X+U
[ 91.71 -87.70 -60.90  1.61  1.94  0.22]
Condition: 0
Time step 3, joint angles:
['91.706', '-87.704', '-60.893', '1.609', '0.000', '0.000']
Time step 3, end-effector coordinates:
['167.876', '-237.114', '97.628', '-5.611', '0.000', '0.000']
Time step 3, X+U
[ 91.58 -87.81 -61.56  0.85  1.51  0.26]
Condition: 0
Time step 4, joint angles:
['91.584', '-87.812', '-61.554', '0.852', '0.000', '0.000']
Time step 4, end-effector coordinates:
['168.401', '-236.426', '97.352', '-4.624', '0.000', '0.000']
Time step 4, X+U
[ 91.31 -87.68 -62.04  0.04  0.86  0.17]
Condition: 0
Time step 5, joint angles:
['91.314', '-87.681', '-62.033', '0.040', '0.000', '0.000']
Time step 5, end-effector coordinates:
['169.490', '-236.030', '97.153', '-3.673', '0.000', '0.000']
Time step 5, X+U
[ 90.84 -87.28 -62.26 -0.59  0.09 -0.07]
Condition: 0
Time step 6, joint angles:
['90.840', '-87.285', '-62.246', '-0.593', '0.000', '0.000']
Time step 6, end-effector coordinates:
['171.364', '-235.828', '97.064', '-2.962', '0.000', '0.000']
Time step 6, X+U
[ 90.16 -86.79 -62.27 -0.91 -0.60 -0.38]
Condition: 0
Time step 7, joint angles:
['90.164', '-86.794', '-62.264', '-0.913', '0.000', '0.000']
Time step 7, end-effector coordinates:
['174.055', '-235.284', '97.057', '-2.456', '0.000', '0.000']
Time step 7, X+U
[ 89.42 -86.46 -62.21 -0.96 -0.97 -0.67]
Condition: 0
Time step 8, joint angles:
['89.418', '-86.458', '-62.198', '-0.956', '0.000', '0.000']
Time step 8, end-effector coordinates:
['177.052', '-234.023', '97.084', '-2.003', '0.000', '0.000']
Time step 8, X+U
[ 88.81 -86.42 -62.13 -0.89 -0.97 -0.85]
Condition: 0
Time step 9, joint angles:
['88.808', '-86.420', '-62.117', '-0.887', '0.000', '0.000']
Time step 9, end-effector coordinates:
['179.530', '-232.242', '97.118', '-1.501', '0.000', '0.000']
Time step 9, X+U
[ 88.48 -86.63 -62.04 -0.84 -0.73 -0.91]
Condition: 0
Time step 10, joint angles:
['88.483', '-86.633', '-62.034', '-0.842', '0.000', '0.000']
Time step 10, end-effector coordinates:
['180.867', '-230.571', '97.152', '-1.008', '0.000', '0.000']
Time step 10, X+U
[ 88.48 -86.92 -61.93 -0.82 -0.43 -0.91]
Condition: 0
Time step 11, joint angles:
['88.476', '-86.923', '-61.920', '-0.815', '0.000', '0.000']
Time step 11, end-effector coordinates:
['180.920', '-229.662', '97.200', '-0.737', '0.000', '0.000']
Time step 11, X+U
[ 88.73 -87.09 -61.73 -0.69 -0.24 -0.87]
Condition: 0
Time step 12, joint angles:
['88.730', '-87.095', '-61.721', '-0.695', '0.000', '0.000']
Time step 12, end-effector coordinates:
['179.917', '-229.937', '97.283', '-0.940', '0.000', '0.000']
Time step 12, X+U
[ 89.13 -87.00 -61.41 -0.40 -0.14 -0.78]
Condition: 0
Time step 13, joint angles:
['89.126', '-86.999', '-61.403', '-0.396', '0.000', '0.000']
Time step 13, end-effector coordinates:
['178.311', '-231.469', '97.415', '-1.731', '0.000', '0.000']
Time step 13, X+U
[ 89.51 -86.60 -61.00  0.07 -0.05 -0.60]
Condition: 0
Time step 14, joint angles:
['89.511', '-86.598', '-60.995', '0.068', '0.000', '0.000']
Time step 14, end-effector coordinates:
['176.693', '-233.885', '97.586', '-2.981', '0.000', '0.000']
Time step 14, X+U
[ 89.75 -86.00 -60.59  0.62  0.10 -0.39]
Condition: 0
Time step 15, joint angles:
['89.754', '-86.003', '-60.582', '0.623', '0.000', '0.000']
Time step 15, end-effector coordinates:
['175.591', '-236.446', '97.758', '-4.374', '0.000', '0.000']
Time step 15, X+U
[ 89.83 -85.43 -60.24  1.18  0.28 -0.18]
Condition: 0
Time step 16, joint angles:
['89.827', '-85.426', '-60.233', '1.180', '0.000', '0.000']
Time step 16, end-effector coordinates:
['175.164', '-238.426', '97.903', '-5.580', '0.000', '0.000']
Time step 16, X+U
[ 89.81 -85.06 -59.94  1.65  0.32  0.07]
Condition: 0
Time step 17, joint angles:
['89.814', '-85.064', '-59.929', '1.651', '0.000', '0.000']
Time step 17, end-effector coordinates:
['175.130', '-239.491', '98.030', '-6.402', '0.000', '0.000']
Time step 17, X+U
[ 89.82 -85.00 -59.62  1.96  0.18  0.41]
Condition: 0
Time step 18, joint angles:
['89.816', '-85.004', '-59.607', '1.956', '0.000', '0.000']
Time step 18, end-effector coordinates:
['175.105', '-239.680', '98.164', '-6.768', '0.000', '0.000']
Time step 18, X+U
[ 89.85 -85.22 -59.30  2.06 -0.06  0.77]
Condition: 0
Time step 19, joint angles:
['89.851', '-85.217', '-59.296', '2.060', '0.000', '0.000']
Time step 19, end-effector coordinates:
['175.011', '-239.140', '98.294', '-6.695', '0.000', '0.000']
Time step 19, X+U
[ 89.87 -85.59 -59.17  2.01 -0.29  0.96]
Condition: 0
Time step 20, joint angles:
['89.866', '-85.592', '-59.159', '2.008', '0.000', '0.000']
Time step 20, end-effector coordinates:
['175.040', '-238.041', '98.350', '-6.282', '0.000', '0.000']
Time step 20, X+U
[ 89.84 -86.00 -59.39  1.88 -0.41  0.91]
Condition: 0
Time step 21, joint angles:
['89.841', '-86.000', '-59.383', '1.882', '0.000', '0.000']
Time step 21, end-effector coordinates:
['175.230', '-236.724', '98.257', '-5.724', '0.000', '0.000']
Time step 21, X+U
[ 89.86 -86.34 -60.02  1.73 -0.45  0.69]
Condition: 0
Time step 22, joint angles:
['89.856', '-86.344', '-60.011', '1.733', '0.000', '0.000']
Time step 22, end-effector coordinates:
['175.237', '-235.718', '97.996', '-5.245', '0.000', '0.000']
Time step 22, X+U
[ 90.02 -86.58 -60.91  1.55 -0.49  0.44]
Condition: 0
Time step 23, joint angles:
['90.018', '-86.580', '-60.896', '1.550', '0.000', '0.000']
Time step 23, end-effector coordinates:
['174.616', '-235.493', '97.627', '-4.988', '0.000', '0.000']
Time step 23, X+U
[ 90.34 -86.70 -61.79  1.30 -0.58  0.24]
Condition: 0
Time step 24, joint angles:
['90.342', '-86.700', '-61.784', '1.299', '0.000', '0.000']
Time step 24, end-effector coordinates:
['173.304', '-236.113', '97.257', '-4.942', '0.000', '0.000']
Time step 24, X+U
[ 90.72 -86.74 -62.45  0.98 -0.71  0.08]
Condition: 0
Time step 25, joint angles:
['90.720', '-86.744', '-62.445', '0.977', '0.000', '0.000']
Time step 25, end-effector coordinates:
['171.750', '-237.119', '96.981', '-4.954', '0.000', '0.000']
Time step 25, X+U
[ 91.00 -86.79 -62.77  0.63 -0.77 -0.09]
Condition: 0
Time step 26, joint angles:
['90.999', '-86.789', '-62.764', '0.633', '0.000', '0.000']
Time step 26, end-effector coordinates:
['170.605', '-237.812', '96.848', '-4.843', '0.000', '0.000']
Time step 26, X+U
[ 91.07 -86.89 -62.76  0.32 -0.71 -0.32]
Condition: 0
Time step 27, joint angles:
['91.070', '-86.894', '-62.753', '0.324', '0.000', '0.000']
Time step 27, end-effector coordinates:
['170.333', '-237.705', '96.853', '-4.500', '0.000', '0.000']
Time step 27, X+U
[ 90.89 -87.06 -62.52  0.05 -0.54 -0.62]
Condition: 0
Time step 28, joint angles:
['90.895', '-87.058', '-62.514', '0.045', '0.000', '0.000']
Time step 28, end-effector coordinates:
['171.094', '-236.682', '96.952', '-3.882', '0.000', '0.000']
Time step 28, X+U
[ 90.51 -87.26 -62.21 -0.24 -0.33 -0.86]
Condition: 0
Time step 29, joint angles:
['90.508', '-87.262', '-62.198', '-0.235', '0.000', '0.000']
Time step 29, end-effector coordinates:
['172.723', '-234.901', '97.084', '-3.011', '0.000', '0.000']
Time step 29, X+U
[ 90.04 -87.49 -61.92 -0.49 -0.15 -0.89]
Condition: 0
Time step 30, joint angles:
['90.042', '-87.495', '-61.915', '-0.488', '0.000', '0.000']
Time step 30, end-effector coordinates:
['174.662', '-232.777', '97.202', '-2.059', '0.000', '0.000']
Time step 30, X+U
[ 89.70 -87.73 -61.68 -0.63  0.00 -0.63]
Condition: 0
Time step 31, joint angles:
['89.704', '-87.726', '-61.674', '-0.630', '0.000', '0.000']
Time step 31, end-effector coordinates:
['176.057', '-231.037', '97.303', '-1.348', '0.000', '0.000']
Time step 31, X+U
[ 89.67 -87.90 -61.41 -0.64  0.15 -0.21]
Condition: 0
Time step 32, joint angles:
['89.667', '-87.896', '-61.396', '-0.639', '0.000', '0.000']
Time step 32, end-effector coordinates:
['176.224', '-230.406', '97.418', '-1.132', '0.000', '0.000']
Time step 32, X+U
[ 89.93 -87.96 -61.03 -0.61  0.25  0.15]
Condition: 0
Time step 33, joint angles:
['89.932', '-87.955', '-61.017', '-0.606', '0.000', '0.000']
Time step 33, end-effector coordinates:
['175.164', '-231.035', '97.576', '-1.371', '0.000', '0.000']
Time step 33, X+U
[ 90.31 -87.90 -60.55 -0.63  0.21  0.28]
Condition: 0
Time step 34, joint angles:
['90.306', '-87.905', '-60.543', '-0.625', '0.000', '0.000']
Time step 34, end-effector coordinates:
['173.643', '-232.330', '97.774', '-1.777', '0.000', '0.000']
Time step 34, X+U
[ 90.53 -87.77 -60.08 -0.70 -0.02  0.19]
Condition: 0
Time step 35, joint angles:
['90.531', '-87.766', '-60.074', '-0.705', '0.000', '0.000']
Time step 35, end-effector coordinates:
['172.711', '-233.431', '97.969', '-2.060', '0.000', '0.000']
Time step 35, X+U
[ 90.45 -87.57 -59.79 -0.81 -0.32  0.05]
Condition: 0
Time step 36, joint angles:
['90.448', '-87.566', '-59.776', '-0.806', '0.000', '0.000']
Time step 36, end-effector coordinates:
['173.018', '-233.793', '98.093', '-2.076', '0.000', '0.000']
Time step 36, X+U
[ 90.08 -87.34 -59.78 -0.94 -0.52 -0.02]
Condition: 0
Time step 37, joint angles:
['90.081', '-87.341', '-59.775', '-0.939', '0.000', '0.000']
Time step 37, end-effector coordinates:
['174.481', '-233.365', '98.094', '-1.801', '0.000', '0.000']
Time step 37, X+U
[ 89.59 -87.14 -60.03 -1.15 -0.52 -0.06]
Condition: 0
Time step 38, joint angles:
['89.590', '-87.142', '-60.025', '-1.152', '0.000', '0.000']
Time step 38, end-effector coordinates:
['176.450', '-232.468', '97.990', '-1.295', '0.000', '0.000']
Time step 38, X+U
[ 89.17 -87.00 -60.34 -1.44 -0.39 -0.23]
Condition: 0
Time step 39, joint angles:
['89.169', '-87.001', '-60.328', '-1.441', '0.000', '0.000']
Time step 39, end-effector coordinates:
['178.139', '-231.597', '97.863', '-0.727', '0.000', '0.000']
Time step 39, X+U
[ 88.94 -86.92 -60.54 -1.69 -0.27 -0.59]
Condition: 0
Time step 40, joint angles:
['88.941', '-86.918', '-60.527', '-1.688', '0.000', '0.000']
Time step 40, end-effector coordinates:
['179.049', '-231.141', '97.780', '-0.335', '0.000', '0.000']
Time step 40, X+U
[ 88.89 -86.89 -60.62 -1.74 -0.25 -1.02]
Condition: 0
Time step 41, joint angles:
['88.889', '-86.890', '-60.611', '-1.738', '0.000', '0.000']
Time step 41, end-effector coordinates:
['179.258', '-231.062', '97.746', '-0.261', '0.000', '0.000']
Time step 41, X+U
[ 88.87 -86.94 -60.64 -1.51 -0.36 -1.28]
Condition: 0
Time step 42, joint angles:
['88.874', '-86.939', '-60.628', '-1.514', '0.000', '0.000']
Time step 42, end-effector coordinates:
['179.321', '-230.866', '97.738', '-0.421', '0.000', '0.000']
Time step 42, X+U
[ 88.78 -87.10 -60.60 -1.05 -0.54 -1.21]
Condition: 0
Time step 43, joint angles:
['88.779', '-87.104', '-60.586', '-1.052', '0.000', '0.000']
Time step 43, end-effector coordinates:
['179.721', '-230.064', '97.756', '-0.623', '0.000', '0.000']
Time step 43, X+U
[ 88.63 -87.38 -60.49 -0.44 -0.70 -0.83]
Condition: 0
Time step 44, joint angles:
['88.633', '-87.379', '-60.481', '-0.443', '0.000', '0.000']
Time step 44, end-effector coordinates:
['180.327', '-228.766', '97.800', '-0.811', '0.000', '0.000']
Time step 44, X+U
[ 88.58 -87.65 -60.39  0.21 -0.73 -0.30]
Condition: 0
Time step 45, joint angles:
['88.579', '-87.647', '-60.383', '0.213', '0.000', '0.000']
Time step 45, end-effector coordinates:
['180.558', '-227.777', '97.840', '-1.145', '0.000', '0.000']
Time step 45, X+U
[ 88.70 -87.70 -60.41  0.79 -0.59  0.19]
Condition: 0
Time step 46, joint angles:
['88.701', '-87.702', '-60.405', '0.795', '0.000', '0.000']
Time step 46, end-effector coordinates:
['180.074', '-227.995', '97.831', '-1.794', '0.000', '0.000']
Time step 46, X+U
[ 88.93 -87.41 -60.58  1.15 -0.29  0.48]
Condition: 0
Time step 47, joint angles:
['88.926', '-87.406', '-60.569', '1.152', '0.000', '0.000']
Time step 47, end-effector coordinates:
['179.154', '-229.605', '97.763', '-2.672', '0.000', '0.000']
Time step 47, X+U
[ 89.09 -86.85 -60.77  1.18  0.10  0.52]
Condition: 0
Time step 48, joint angles:
['89.089', '-86.848', '-60.765', '1.183', '0.000', '0.000']
Time step 48, end-effector coordinates:
['178.445', '-231.813', '97.681', '-3.424', '0.000', '0.000']
Time step 48, X+U
[ 89.06 -86.32 -60.86  0.92  0.41  0.39]
Condition: 0
Time step 49, joint angles:
['89.058', '-86.323', '-60.854', '0.924', '0.000', '0.000']
Time step 49, end-effector coordinates:
['178.500', '-233.320', '97.644', '-3.660', '0.000', '0.000']
Time step 49, X+U
[ 88.82 -86.13 -60.81  0.53  0.53  0.25]
Condition: 0
Time step 50, joint angles:
['88.819', '-86.126', '-60.805', '0.533', '0.000', '0.000']
Time step 50, end-effector coordinates:
['179.445', '-233.175', '97.664', '-3.226', '0.000', '0.000']
Time step 50, X+U
[ 88.48 -86.36 -60.71  0.19  0.43  0.18]
Condition: 0
Time step 51, joint angles:
['88.476', '-86.358', '-60.705', '0.191', '0.000', '0.000']
Time step 51, end-effector coordinates:
['180.865', '-231.386', '97.706', '-2.308', '0.000', '0.000']
Time step 51, X+U
[ 88.19 -86.89 -60.67  0.02  0.16  0.16]
Condition: 0
Time step 52, joint angles:
['88.188', '-86.889', '-60.662', '0.023', '0.000', '0.000']
Time step 52, end-effector coordinates:
['182.068', '-228.856', '97.724', '-1.322', '0.000', '0.000']
Time step 52, X+U
[ 88.07 -87.47 -60.72  0.07 -0.21  0.16]
Condition: 0
Time step 53, joint angles:
['88.068', '-87.474', '-60.707', '0.066', '0.000', '0.000']
Time step 53, end-effector coordinates:
['182.575', '-226.686', '97.705', '-0.660', '0.000', '0.000']
Time step 53, X+U
[ 88.11 -87.93 -60.81  0.26 -0.59  0.20]
Condition: 0
Time step 54, joint angles:
['88.113', '-87.927', '-60.796', '0.258', '0.000', '0.000']
Time step 54, end-effector coordinates:
['182.409', '-225.446', '97.668', '-0.444', '0.000', '0.000']
Time step 54, X+U
[ 88.24 -88.19 -60.91  0.46 -0.84  0.25]
Condition: 0
Time step 55, joint angles:
['88.238', '-88.191', '-60.896', '0.460', '0.000', '0.000']
Time step 55, end-effector coordinates:
['181.920', '-225.037', '97.627', '-0.507', '0.000', '0.000']
Time step 55, X+U
[ 88.37 -88.30 -61.06  0.52 -0.81  0.23]
Condition: 0
Time step 56, joint angles:
['88.368', '-88.296', '-61.047', '0.516', '0.000', '0.000']
Time step 56, end-effector coordinates:
['181.407', '-225.129', '97.564', '-0.588', '0.000', '0.000']
Time step 56, X+U
[ 88.50 -88.29 -61.31  0.34 -0.50  0.12]
Condition: 0
Time step 57, joint angles:
['88.504', '-88.295', '-61.303', '0.340', '0.000', '0.000']
Time step 57, end-effector coordinates:
['180.872', '-225.564', '97.457', '-0.549', '0.000', '0.000']
Time step 57, X+U
[ 88.69 -88.23 -61.63 -0.03 -0.11 -0.04]
Condition: 0
Time step 58, joint angles:
['88.693', '-88.227', '-61.622', '-0.026', '0.000', '0.000']
Time step 58, end-effector coordinates:
['180.127', '-226.364', '97.324', '-0.439', '0.000', '0.000']
Time step 58, X+U
[ 88.96 -88.13 -61.88 -0.43  0.16 -0.22]
Condition: 0
Time step 59, joint angles:
['88.958', '-88.128', '-61.866', '-0.429', '0.000', '0.000']
Time step 59, end-effector coordinates:
['179.074', '-227.497', '97.222', '-0.401', '0.000', '0.000']
Time step 59, X+U
[ 89.27 -88.02 -61.94 -0.71  0.24 -0.49]
Condition: 0
Time step 60, joint angles:
['89.266', '-88.025', '-61.927', '-0.707', '0.000', '0.000']
Time step 60, end-effector coordinates:
['177.841', '-228.773', '97.197', '-0.534', '0.000', '0.000']
Time step 60, X+U
[ 89.56 -87.94 -61.86 -0.81  0.16 -0.88]
Condition: 0
Time step 61, joint angles:
['89.557', '-87.935', '-61.853', '-0.806', '0.000', '0.000']
Time step 61, end-effector coordinates:
['176.670', '-229.945', '97.228', '-0.815', '0.000', '0.000']
Time step 61, X+U
[ 89.79 -87.87 -61.81 -0.80  0.03 -1.32]
Condition: 0
Time step 62, joint angles:
['89.786', '-87.870', '-61.805', '-0.800', '0.000', '0.000']
Time step 62, end-effector coordinates:
['175.744', '-230.847', '97.248', '-1.115', '0.000', '0.000']
Time step 62, X+U
[ 89.95 -87.83 -61.89 -0.81 -0.09 -1.62]
Condition: 0
Time step 63, joint angles:
['89.946', '-87.832', '-61.881', '-0.809', '0.000', '0.000']
Time step 63, end-effector coordinates:
['175.092', '-231.455', '97.216', '-1.305', '0.000', '0.000']
Time step 63, X+U
[ 90.07 -87.80 -62.02 -0.88 -0.13 -1.68]
Condition: 0
Time step 64, joint angles:
['90.073', '-87.803', '-62.008', '-0.883', '0.000', '0.000']
Time step 64, end-effector coordinates:
['174.576', '-231.931', '97.163', '-1.387', '0.000', '0.000']
Time step 64, X+U
[ 90.21 -87.74 -62.06 -0.93 -0.08 -1.54]
Condition: 0
Time step 65, joint angles:
['90.214', '-87.736', '-62.054', '-0.933', '0.000', '0.000']
Time step 65, end-effector coordinates:
['173.995', '-232.565', '97.144', '-1.545', '0.000', '0.000']
Time step 65, X+U
[ 90.39 -87.60 -62.02 -0.81  0.04 -1.26]
Condition: 0
Time step 66, joint angles:
['90.394', '-87.600', '-62.013', '-0.807', '0.000', '0.000']
Time step 66, end-effector coordinates:
['173.246', '-233.525', '97.161', '-1.987', '0.000', '0.000']
Time step 66, X+U
[ 90.60 -87.43 -62.04 -0.45  0.20 -0.87]
Condition: 0
Time step 67, joint angles:
['90.600', '-87.432', '-62.027', '-0.451', '0.000', '0.000']
Time step 67, end-effector coordinates:
['172.378', '-234.656', '97.155', '-2.716', '0.000', '0.000']
Time step 67, X+U
[ 90.81 -87.33 -62.22  0.01  0.38 -0.41]
Condition: 0
Time step 68, joint angles:
['90.812', '-87.329', '-62.207', '0.013', '0.000', '0.000']
Time step 68, end-effector coordinates:
['171.488', '-235.610', '97.080', '-3.496', '0.000', '0.000']
Time step 68, X+U
[ 91.02 -87.37 -62.52  0.39  0.52 -0.01]
Condition: 0
Time step 69, joint angles:
['91.023', '-87.366', '-62.510', '0.387', '0.000', '0.000']
Time step 69, end-effector coordinates:
['170.626', '-236.127', '96.954', '-4.044', '0.000', '0.000']
Time step 69, X+U
[ 91.22 -87.55 -62.80  0.54  0.55  0.16]
Condition: 0
Time step 70, joint angles:
['91.216', '-87.552', '-62.791', '0.545', '0.000', '0.000']
Time step 70, end-effector coordinates:
['169.866', '-236.135', '96.837', '-4.209', '0.000', '0.000']
Time step 70, X+U
[ 91.35 -87.81 -62.92  0.47  0.47  0.09]
Condition: 0
Time step 71, joint angles:
['91.347', '-87.815', '-62.913', '0.469', '0.000', '0.000']
Time step 71, end-effector coordinates:
['169.378', '-235.720', '96.786', '-4.002', '0.000', '0.000']
Time step 71, X+U
[ 91.36 -88.03 -62.80  0.21  0.30 -0.05]
Condition: 0
Time step 72, joint angles:
['91.357', '-88.030', '-62.787', '0.215', '0.000', '0.000']
Time step 72, end-effector coordinates:
['169.376', '-235.095', '96.839', '-3.543', '0.000', '0.000']
Time step 72, X+U
[ 91.20 -88.10 -62.40 -0.12  0.10 -0.04]
Condition: 0
Time step 73, joint angles:
['91.200', '-88.100', '-62.393', '-0.117', '0.000', '0.000']
Time step 73, end-effector coordinates:
['170.032', '-234.413', '97.003', '-2.983', '0.000', '0.000']
Time step 73, X+U
[ 90.85 -88.04 -61.83 -0.37 -0.11  0.12]
Condition: 0
Time step 74, joint angles:
['90.853', '-88.043', '-61.821', '-0.372', '0.000', '0.000']
Time step 74, end-effector coordinates:
['171.439', '-233.555', '97.241', '-2.438', '0.000', '0.000']
Time step 74, X+U
[ 90.34 -87.96 -61.27 -0.40 -0.31  0.24]
Condition: 0
Time step 75, joint angles:
['90.340', '-87.959', '-61.264', '-0.396', '0.000', '0.000']
Time step 75, end-effector coordinates:
['173.512', '-232.268', '97.473', '-1.986', '0.000', '0.000']
Time step 75, X+U
[ 89.76 -87.90 -60.94 -0.16 -0.46  0.12]
Condition: 0
Time step 76, joint angles:
['89.759', '-87.904', '-60.933', '-0.158', '0.000', '0.000']
Time step 76, end-effector coordinates:
['175.853', '-230.664', '97.611', '-1.698', '0.000', '0.000']
Time step 76, X+U
[ 89.28 -87.81 -60.91  0.18 -0.49 -0.29]
Condition: 0
Time step 77, joint angles:
['89.280', '-87.812', '-60.905', '0.182', '0.000', '0.000']
Time step 77, end-effector coordinates:
['177.771', '-229.465', '97.623', '-1.650', '0.000', '0.000']
Time step 77, X+U
[ 89.08 -87.57 -61.06  0.38 -0.35 -0.81]
Condition: 0
Time step 78, joint angles:
['89.082', '-87.568', '-61.049', '0.375', '0.000', '0.000']
Time step 78, end-effector coordinates:
['178.543', '-229.596', '97.563', '-1.889', '0.000', '0.000']
Time step 78, X+U
[ 89.26 -87.15 -61.13  0.29 -0.12 -1.28]
Condition: 0
Time step 79, joint angles:
['89.258', '-87.149', '-61.117', '0.295', '0.000', '0.000']
Time step 79, end-effector coordinates:
['177.793', '-231.424', '97.535', '-2.405', '0.000', '0.000']
Time step 79, X+U
[ 89.73 -86.67 -60.93  0.02  0.06 -1.58]
Condition: 0
Time step 80, joint angles:
['89.727', '-86.665', '-60.921', '0.022', '0.000', '0.000']
Time step 80, end-effector coordinates:
['175.824', '-234.343', '97.616', '-3.083', '0.000', '0.000']
Time step 80, X+U
[ 90.24 -86.28 -60.49 -0.28  0.07 -1.64]
Condition: 0
Time step 81, joint angles:
['90.245', '-86.281', '-60.477', '-0.278', '0.000', '0.000']
Time step 81, end-effector coordinates:
['173.620', '-237.095', '97.801', '-3.685', '0.000', '0.000']
Time step 81, X+U
[ 90.55 -86.10 -60.02 -0.53 -0.08 -1.38]
Condition: 0
Time step 82, joint angles:
['90.554', '-86.102', '-60.007', '-0.532', '0.000', '0.000']
Time step 82, end-effector coordinates:
['172.298', '-238.574', '97.997', '-3.920', '0.000', '0.000']
Time step 82, X+U
[ 90.54 -86.12 -59.83 -0.78 -0.28 -0.86]
Condition: 0
Time step 83, joint angles:
['90.544', '-86.123', '-59.819', '-0.781', '0.000', '0.000']
Time step 83, end-effector coordinates:
['172.343', '-238.481', '98.076', '-3.640', '0.000', '0.000']
Time step 83, X+U
[ 90.29 -86.25 -60.09 -1.04 -0.42 -0.28]
Condition: 0
Time step 84, joint angles:
['90.290', '-86.250', '-60.080', '-1.044', '0.000', '0.000']
Time step 84, end-effector coordinates:
['173.426', '-237.325', '97.967', '-2.996', '0.000', '0.000']
Time step 84, X+U
[ 89.92 -86.38 -60.68 -1.22 -0.42  0.18]
Condition: 0
Time step 85, joint angles:
['89.921', '-86.385', '-60.672', '-1.221', '0.000', '0.000']
Time step 85, end-effector coordinates:
['174.978', '-235.793', '97.720', '-2.315', '0.000', '0.000']
Time step 85, X+U
[ 89.48 -86.51 -61.31 -1.18 -0.25  0.42]
Condition: 0
Time step 86, joint angles:
['89.482', '-86.508', '-61.301', '-1.178', '0.000', '0.000']
Time step 86, end-effector coordinates:
['176.798', '-234.072', '97.458', '-1.796', '0.000', '0.000']
Time step 86, X+U
[ 88.97 -86.69 -61.76 -0.89  0.06  0.49]
Condition: 0
Time step 87, joint angles:
['88.965', '-86.693', '-61.749', '-0.888', '0.000', '0.000']
Time step 87, end-effector coordinates:
['178.925', '-231.903', '97.271', '-1.385', '0.000', '0.000']
Time step 87, X+U
[ 88.45 -87.03 -61.98 -0.45  0.33  0.43]
Condition: 0
Time step 88, joint angles:
['88.452', '-87.031', '-61.966', '-0.451', '0.000', '0.000']
Time step 88, end-effector coordinates:
['181.023', '-229.260', '97.181', '-0.970', '0.000', '0.000']
Time step 88, X+U
[ 88.15 -87.55 -61.95  0.01  0.37  0.27]
Condition: 0
Time step 89, joint angles:
['88.149', '-87.553', '-61.942', '0.006', '0.000', '0.000']
Time step 89, end-effector coordinates:
['182.256', '-226.705', '97.191', '-0.603', '0.000', '0.000']
Time step 89, X+U
[ 88.22 -88.19 -61.65  0.41  0.11  0.02]
Condition: 0
Time step 90, joint angles:
['88.221', '-88.195', '-61.636', '0.409', '0.000', '0.000']
Time step 90, end-effector coordinates:
['181.984', '-224.972', '97.318', '-0.435', '0.000', '0.000']
Time step 90, X+U
[ 88.61 -88.81 -61.07  0.73 -0.32 -0.27]
Condition: 0
Time step 91, joint angles:
['88.606', '-88.807', '-61.061', '0.727', '0.000', '0.000']
Time step 91, end-effector coordinates:
['180.473', '-224.320', '97.558', '-0.527', '0.000', '0.000']
Time step 91, X+U
[ 89.04 -89.22 -60.36  0.96 -0.71 -0.54]
Condition: 0
Time step 92, joint angles:
['89.039', '-89.221', '-60.350', '0.957', '0.000', '0.000']
Time step 92, end-effector coordinates:
['178.771', '-224.414', '97.854', '-0.776', '0.000', '0.000']
Time step 92, X+U
[ 89.27 -89.37 -59.72  1.12 -0.89 -0.75]
Condition: 0
Time step 93, joint angles:
['89.272', '-89.369', '-59.713', '1.117', '0.000', '0.000']
Time step 93, end-effector coordinates:
['177.860', '-224.683', '98.120', '-1.019', '0.000', '0.000']
Time step 93, X+U
[ 89.24 -89.33 -59.35  1.23 -0.88 -0.85]
Condition: 0
Time step 94, joint angles:
['89.243', '-89.333', '-59.337', '1.234', '0.000', '0.000']
Time step 94, end-effector coordinates:
['177.973', '-224.703', '98.276', '-1.143', '0.000', '0.000']
Time step 94, X+U
[ 89.06 -89.26 -59.32  1.31 -0.83 -0.85]
Condition: 0
Time step 95, joint angles:
['89.061', '-89.258', '-59.307', '1.309', '0.000', '0.000']
Time step 95, end-effector coordinates:
['178.684', '-224.370', '98.289', '-1.112', '0.000', '0.000']
Time step 95, X+U
[ 88.87 -89.23 -59.58  1.30 -0.86 -0.80]
Condition: 0
Time step 96, joint angles:
['88.865', '-89.227', '-59.567', '1.302', '0.000', '0.000']
Time step 96, end-effector coordinates:
['179.451', '-223.853', '98.180', '-0.941', '0.000', '0.000']
Time step 96, X+U
[ 88.74 -89.24 -59.96  1.17 -0.99 -0.77]
Condition: 0
Time step 97, joint angles:
['88.740', '-89.238', '-59.955', '1.175', '0.000', '0.000']
Time step 97, end-effector coordinates:
['179.942', '-223.422', '98.019', '-0.676', '0.000', '0.000']
Time step 97, X+U
[ 88.71 -89.29 -60.32  0.95 -1.14 -0.81]
Condition: 0
Time step 98, joint angles:
['88.707', '-89.291', '-60.309', '0.954', '0.000', '0.000']
Time step 98, end-effector coordinates:
['180.068', '-223.160', '97.871', '-0.371', '0.000', '0.000']
Time step 98, X+U
[ 88.66 -89.61 -60.58  0.80 -1.37 -0.97]
Condition: 0
Time step 99, joint angles:
['88.658', '-89.606', '-60.575', '0.795', '0.000', '0.000']
Time step 99, end-effector coordinates:
['180.246', '-222.042', '97.760', '0.153', '0.000', '0.000']
Time step 99, X+U
[ 88.11 -91.34 -60.94  1.06 -2.00 -1.45]
Sample finished at: Iteration 0 condition 0 sample 0

Iteration 0 condition 0 sample 1
Linear Gaussian Policy
Initial state:
[ 89.59 -87.41 -60.44  0.00  0.00  0.00]
Target state:
[ 35.24 -74.12 -55.19  38.88  0.00  0.00]
[ 320.00 -20.00  100.00 -0.00  0.00 -0.00]
Condition: 0
Time step 0, joint angles:
['89.592', '-87.409', '-60.440', '0.000', '0.000', '0.000']
Time step 0, end-effector coordinates:
['176.475', '-231.660', '97.821', '-2.186', '0.000', '0.000']
Time step 0, X+U
[ 88.79 -87.94 -60.98  0.15 -1.25 -1.18]
Condition: 0
Time step 1, joint angles:
['88.787', '-87.939', '-60.970', '0.153', '0.000', '0.000']
Time step 1, end-effector coordinates:
['179.742', '-227.542', '97.596', '-1.002', '0.000', '0.000']
Time step 1, X+U
[ 88.79 -88.23 -60.96  0.29 -1.06 -0.97]
Condition: 0
Time step 2, joint angles:
['88.791', '-88.231', '-60.952', '0.291', '0.000', '0.000']
Time step 2, end-effector coordinates:
['179.739', '-226.662', '97.603', '-0.852', '0.000', '0.000']
Time step 2, X+U
[ 89.16 -88.47 -60.62  0.50 -0.77 -0.62]
Condition: 0
Time step 3, joint angles:
['89.163', '-88.467', '-60.615', '0.497', '0.000', '0.000']
Time step 3, end-effector coordinates:
['178.273', '-227.102', '97.744', '-1.193', '0.000', '0.000']
Time step 3, X+U
[ 89.47 -88.63 -60.20  0.74 -0.49 -0.18]
Condition: 0
Time step 4, joint angles:
['89.473', '-88.631', '-60.194', '0.745', '0.000', '0.000']
Time step 4, end-effector coordinates:
['177.052', '-227.562', '97.919', '-1.587', '0.000', '0.000']
Time step 4, X+U
[ 89.51 -88.64 -59.90  0.90 -0.26  0.24]
Condition: 0
Time step 5, joint angles:
['89.508', '-88.638', '-59.890', '0.899', '0.000', '0.000']
Time step 5, end-effector coordinates:
['176.910', '-227.650', '98.046', '-1.769', '0.000', '0.000']
Time step 5, X+U
[ 89.35 -88.44 -59.82  0.77 -0.08  0.53]
Condition: 0
Time step 6, joint angles:
['89.350', '-88.443', '-59.811', '0.770', '0.000', '0.000']
Time step 6, end-effector coordinates:
['177.532', '-227.753', '98.079', '-1.676', '0.000', '0.000']
Time step 6, X+U
[ 89.18 -88.09 -59.96  0.25  0.05  0.58]
Condition: 0
Time step 7, joint angles:
['89.183', '-88.090', '-59.955', '0.252', '0.000', '0.000']
Time step 7, end-effector coordinates:
['178.175', '-228.316', '98.019', '-1.345', '0.000', '0.000']
Time step 7, X+U
[ 89.09 -87.70 -60.24 -0.53  0.10  0.34]
Condition: 0
Time step 8, joint angles:
['89.086', '-87.696', '-60.234', '-0.534', '0.000', '0.000']
Time step 8, end-effector coordinates:
['178.538', '-229.217', '97.903', '-0.856', '0.000', '0.000']
Time step 8, X+U
[ 88.99 -87.40 -60.56 -1.24  0.03 -0.10]
Condition: 0
Time step 9, joint angles:
['88.990', '-87.397', '-60.550', '-1.241', '0.000', '0.000']
Time step 9, end-effector coordinates:
['178.898', '-229.831', '97.771', '-0.352', '0.000', '0.000']
Time step 9, X+U
[ 88.82 -87.29 -60.86 -1.52 -0.12 -0.49]
Condition: 0
Time step 10, joint angles:
['88.822', '-87.287', '-60.854', '-1.515', '0.000', '0.000']
Time step 10, end-effector coordinates:
['179.563', '-229.641', '97.644', '-0.020', '0.000', '0.000']
Time step 10, X+U
[ 88.61 -87.38 -61.12 -1.28 -0.27 -0.58]
Condition: 0
Time step 11, joint angles:
['88.614', '-87.379', '-61.107', '-1.276', '0.000', '0.000']
Time step 11, end-effector coordinates:
['180.401', '-228.706', '97.539', '0.041', '0.000', '0.000']
Time step 11, X+U
[ 88.49 -87.63 -61.23 -0.78 -0.35 -0.21]
Condition: 0
Time step 12, joint angles:
['88.488', '-87.627', '-61.223', '-0.783', '0.000', '0.000']
Time step 12, end-effector coordinates:
['180.919', '-227.550', '97.490', '-0.077', '0.000', '0.000']
Time step 12, X+U
[ 88.54 -87.95 -61.14 -0.41 -0.34  0.47]
Condition: 0
Time step 13, joint angles:
['88.538', '-87.950', '-61.129', '-0.408', '0.000', '0.000']
Time step 13, end-effector coordinates:
['180.733', '-226.722', '97.530', '-0.179', '0.000', '0.000']
Time step 13, X+U
[ 88.75 -88.24 -60.89 -0.31 -0.31  1.10]
Condition: 0
Time step 14, joint angles:
['88.746', '-88.236', '-60.878', '-0.311', '0.000', '0.000']
Time step 14, end-effector coordinates:
['179.918', '-226.503', '97.634', '-0.199', '0.000', '0.000']
Time step 14, X+U
[ 89.01 -88.35 -60.65 -0.31 -0.31  1.31]
Condition: 0
Time step 15, joint angles:
['89.009', '-88.350', '-60.645', '-0.313', '0.000', '0.000']
Time step 15, end-effector coordinates:
['178.882', '-226.977', '97.731', '-0.345', '0.000', '0.000']
Time step 15, X+U
[ 89.26 -88.22 -60.59 -0.10 -0.33  1.01]
Condition: 0
Time step 16, joint angles:
['89.258', '-88.218', '-60.578', '-0.105', '0.000', '0.000']
Time step 16, end-effector coordinates:
['177.884', '-228.158', '97.759', '-0.935', '0.000', '0.000']
Time step 16, X+U
[ 89.52 -87.90 -60.69  0.39 -0.33  0.40]
Condition: 0
Time step 17, joint angles:
['89.519', '-87.898', '-60.677', '0.386', '0.000', '0.000']
Time step 17, end-effector coordinates:
['176.820', '-229.941', '97.718', '-2.007', '0.000', '0.000']
Time step 17, X+U
[ 89.82 -87.55 -60.83  0.88 -0.28 -0.24]
Condition: 0
Time step 18, joint angles:
['89.817', '-87.553', '-60.820', '0.882', '0.000', '0.000']
Time step 18, end-effector coordinates:
['175.581', '-231.912', '97.658', '-3.146', '0.000', '0.000']
Time step 18, X+U
[ 90.06 -87.33 -60.85  1.02 -0.24 -0.75]
Condition: 0
Time step 19, joint angles:
['90.061', '-87.330', '-60.836', '1.015', '0.000', '0.000']
Time step 19, end-effector coordinates:
['174.561', '-233.340', '97.652', '-3.747', '0.000', '0.000']
Time step 19, X+U
[ 90.08 -87.28 -60.60  0.65 -0.23 -1.10]
Condition: 0
Time step 20, joint angles:
['90.075', '-87.280', '-60.591', '0.654', '0.000', '0.000']
Time step 20, end-effector coordinates:
['174.497', '-233.534', '97.754', '-3.450', '0.000', '0.000']
Time step 20, X+U
[ 89.79 -87.38 -60.11 -0.03 -0.20 -1.29]
Condition: 0
Time step 21, joint angles:
['89.790', '-87.384', '-60.097', '-0.032', '0.000', '0.000']
Time step 21, end-effector coordinates:
['175.670', '-232.346', '97.959', '-2.374', '0.000', '0.000']
Time step 21, X+U
[ 89.36 -87.60 -59.57 -0.73 -0.13 -1.27]
Condition: 0
Time step 22, joint angles:
['89.356', '-87.604', '-59.561', '-0.734', '0.000', '0.000']
Time step 22, end-effector coordinates:
['177.447', '-230.335', '98.183', '-1.017', '0.000', '0.000']
Time step 22, X+U
[ 89.04 -87.90 -59.26 -1.17 -0.06 -0.99]
Condition: 0
Time step 23, joint angles:
['89.044', '-87.903', '-59.247', '-1.167', '0.000', '0.000']
Time step 23, end-effector coordinates:
['178.721', '-228.452', '98.314', '0.027', '0.000', '0.000']
Time step 23, X+U
[ 89.06 -88.22 -59.26 -1.21 -0.07 -0.53]
Condition: 0
Time step 24, joint angles:
['89.056', '-88.224', '-59.252', '-1.211', '0.000', '0.000']
Time step 24, end-effector coordinates:
['178.687', '-227.513', '98.312', '0.378', '0.000', '0.000']
Time step 24, X+U
[ 89.44 -88.50 -59.46 -1.01 -0.19 -0.04]
Condition: 0
Time step 25, joint angles:
['89.437', '-88.500', '-59.450', '-1.009', '0.000', '0.000']
Time step 25, end-effector coordinates:
['177.189', '-227.851', '98.229', '0.072', '0.000', '0.000']
Time step 25, X+U
[ 90.08 -88.68 -59.67 -0.86 -0.36  0.31]
Condition: 0
Time step 26, joint angles:
['90.081', '-88.680', '-59.664', '-0.860', '0.000', '0.000']
Time step 26, end-effector coordinates:
['174.628', '-229.280', '98.140', '-0.541', '0.000', '0.000']
Time step 26, X+U
[ 90.80 -88.74 -59.84 -0.95 -0.51  0.43]
Condition: 0
Time step 27, joint angles:
['90.803', '-88.743', '-59.829', '-0.950', '0.000', '0.000']
Time step 27, end-effector coordinates:
['171.735', '-231.267', '98.071', '-1.109', '0.000', '0.000']
Time step 27, X+U
[ 91.40 -88.69 -60.00 -1.22 -0.63  0.37]
Condition: 0
Time step 28, joint angles:
['91.398', '-88.694', '-59.995', '-1.216', '0.000', '0.000']
Time step 28, end-effector coordinates:
['169.316', '-233.189', '98.002', '-1.488', '0.000', '0.000']
Time step 28, X+U
[ 91.72 -88.53 -60.22 -1.48 -0.69  0.21]
Condition: 0
Time step 29, joint angles:
['91.720', '-88.533', '-60.214', '-1.482', '0.000', '0.000']
Time step 29, end-effector coordinates:
['167.977', '-234.627', '97.911', '-1.704', '0.000', '0.000']
Time step 29, X+U
[ 91.71 -88.24 -60.49 -1.63 -0.68  0.01]
Condition: 0
Time step 30, joint angles:
['91.709', '-88.242', '-60.479', '-1.629', '0.000', '0.000']
Time step 30, end-effector coordinates:
['167.969', '-235.483', '97.801', '-1.838', '0.000', '0.000']
Time step 30, X+U
[ 91.39 -87.83 -60.71 -1.61 -0.60 -0.20]
Condition: 0
Time step 31, joint angles:
['91.393', '-87.831', '-60.704', '-1.613', '0.000', '0.000']
Time step 31, end-effector coordinates:
['169.193', '-235.806', '97.707', '-1.949', '0.000', '0.000']
Time step 31, X+U
[ 90.87 -87.38 -60.76 -1.43 -0.51 -0.35]
Condition: 0
Time step 32, joint angles:
['90.873', '-87.384', '-60.755', '-1.429', '0.000', '0.000']
Time step 32, end-effector coordinates:
['171.249', '-235.621', '97.685', '-2.059', '0.000', '0.000']
Time step 32, X+U
[ 90.30 -87.01 -60.56 -1.12 -0.46 -0.32]
Condition: 0
Time step 33, joint angles:
['90.300', '-87.011', '-60.554', '-1.118', '0.000', '0.000']
Time step 33, end-effector coordinates:
['173.532', '-235.039', '97.769', '-2.172', '0.000', '0.000']
Time step 33, X+U
[ 89.81 -86.75 -60.20 -0.77 -0.42 -0.03]
Condition: 0
Time step 34, joint angles:
['89.811', '-86.749', '-60.195', '-0.770', '0.000', '0.000']
Time step 34, end-effector coordinates:
['175.493', '-234.347', '97.919', '-2.292', '0.000', '0.000']
Time step 34, X+U
[ 89.46 -86.57 -59.93 -0.46 -0.34  0.48]
Condition: 0
Time step 35, joint angles:
['89.458', '-86.572', '-59.925', '-0.458', '0.000', '0.000']
Time step 35, end-effector coordinates:
['176.908', '-233.799', '98.031', '-2.428', '0.000', '0.000']
Time step 35, X+U
[ 89.25 -86.48 -59.95 -0.16 -0.21  1.00]
Condition: 0
Time step 36, joint angles:
['89.249', '-86.480', '-59.940', '-0.164', '0.000', '0.000']
Time step 36, end-effector coordinates:
['177.745', '-233.433', '98.025', '-2.604', '0.000', '0.000']
Time step 36, X+U
[ 89.22 -86.52 -60.23  0.19 -0.07  1.30]
Condition: 0
Time step 37, joint angles:
['89.218', '-86.520', '-60.218', '0.186', '0.000', '0.000']
Time step 37, end-effector coordinates:
['177.877', '-233.216', '97.909', '-2.883', '0.000', '0.000']
Time step 37, X+U
[ 89.40 -86.71 -60.58  0.62  0.02  1.26]
Condition: 0
Time step 38, joint angles:
['89.397', '-86.715', '-60.566', '0.621', '0.000', '0.000']
Time step 38, end-effector coordinates:
['177.174', '-233.179', '97.764', '-3.304', '0.000', '0.000']
Time step 38, X+U
[ 89.72 -87.02 -60.82  1.07 -0.04  0.90]
Condition: 0
Time step 39, joint angles:
['89.724', '-87.023', '-60.810', '1.073', '0.000', '0.000']
Time step 39, end-effector coordinates:
['175.888', '-233.244', '97.663', '-3.774', '0.000', '0.000']
Time step 39, X+U
[ 90.04 -87.39 -60.92  1.40 -0.27  0.36]
